<?xml version="1.0" encoding="utf-8"?><testsuites name="pytest tests"><testsuite name="pytest" errors="0" failures="0" skipped="0" tests="7" time="8.109" timestamp="2026-02-19T17:11:15.466108+00:00" hostname="agent-env-8cf10b55-3ad7-47a8-85d8-62489e201e2d"><testcase classname="tests.test_admin_set_password.TestAdminSetPassword" name="test_admin_set_password_success" time="2.067" /><testcase classname="tests.test_admin_set_password.TestAdminSetPassword" name="test_admin_cannot_reset_own_password" time="0.847" /><testcase classname="tests.test_admin_set_password.TestAdminSetPassword" name="test_non_admin_cannot_reset_password" time="1.036" /><testcase classname="tests.test_admin_set_password.TestAdminSetPassword" name="test_reset_password_weak_password" time="0.832" /><testcase classname="tests.test_admin_set_password.TestAdminSetPassword" name="test_reset_password_user_not_found" time="0.842" /><testcase classname="tests.test_admin_set_password.TestAdminSetPassword" name="test_reset_password_no_auth" time="0.863" /><testcase classname="tests.test_admin_set_password.TestAdminSetPassword" name="test_audit_log_created" time="1.571" /></testsuite></testsuites>