<?xml version="1.0" encoding="utf-8"?><testsuites name="pytest tests"><testsuite name="pytest" errors="0" failures="0" skipped="0" tests="15" time="3.024" timestamp="2026-02-18T05:46:00.509384+00:00" hostname="agent-env-dc3e3b71-39e0-4467-8b37-9fb8f8b0cad6"><testcase classname="tests.test_m10_billing.TestBillingPlans" name="test_list_plans_public" time="0.146" /><testcase classname="tests.test_m10_billing.TestBillingPlans" name="test_plan_structure" time="0.107" /><testcase classname="tests.test_m10_billing.TestBillingPlans" name="test_free_plan_config" time="0.098" /><testcase classname="tests.test_m10_billing.TestBillingConfig" name="test_get_config_public" time="0.101" /><testcase classname="tests.test_m10_billing.TestSignup" name="test_signup_creates_org_and_user" time="0.330" /><testcase classname="tests.test_m10_billing.TestSignup" name="test_signup_duplicate_email_fails" time="0.428" /><testcase classname="tests.test_m10_billing.TestSubscription" name="test_get_subscription" time="0.107" /><testcase classname="tests.test_m10_billing.TestSubscription" name="test_subscription_includes_plan_details" time="0.131" /><testcase classname="tests.test_m10_billing.TestCheckout" name="test_create_checkout_session_mock_mode" time="0.108" /><testcase classname="tests.test_m10_billing.TestCheckout" name="test_checkout_free_plan_fails" time="0.107" /><testcase classname="tests.test_m10_billing.TestCheckout" name="test_checkout_invalid_plan_fails" time="0.135" /><testcase classname="tests.test_m10_billing.TestModuleGating" name="test_check_module_access" time="0.125" /><testcase classname="tests.test_m10_billing.TestModuleGating" name="test_module_access_based_on_plan" time="0.804" /><testcase classname="tests.test_m10_billing.TestPortalSession" name="test_portal_session_mock_mode" time="0.110" /><testcase classname="tests.test_m10_billing.TestWebhook" name="test_webhook_accepts_payload" time="0.115" /></testsuite></testsuites>