<?xml version="1.0" encoding="utf-8"?><testsuites name="pytest tests"><testsuite name="pytest" errors="0" failures="0" skipped="0" tests="25" time="9.316" timestamp="2026-02-17T19:46:34.961805+00:00" hostname="agent-env-f012cc4c-7c08-45db-b183-8e0d36093a9e"><testcase classname="backend.tests.test_m2_offers.TestOfferCRUD" name="test_create_offer_with_lines" time="0.888" /><testcase classname="backend.tests.test_m2_offers.TestOfferCRUD" name="test_get_offer" time="0.126" /><testcase classname="backend.tests.test_m2_offers.TestOfferCRUD" name="test_list_offers" time="0.439" /><testcase classname="backend.tests.test_m2_offers.TestOfferCRUD" name="test_update_draft_offer" time="0.137" /><testcase classname="backend.tests.test_m2_offers.TestOfferCRUD" name="test_update_offer_lines" time="0.170" /><testcase classname="backend.tests.test_m2_offers.TestOfferStatusTransitions" name="test_create_offer_for_status_tests" time="0.139" /><testcase classname="backend.tests.test_m2_offers.TestOfferStatusTransitions" name="test_send_offer" time="0.157" /><testcase classname="backend.tests.test_m2_offers.TestOfferStatusTransitions" name="test_cannot_edit_sent_offer" time="0.324" /><testcase classname="backend.tests.test_m2_offers.TestOfferStatusTransitions" name="test_accept_offer_admin_only" time="0.684" /><testcase classname="backend.tests.test_m2_offers.TestOfferStatusTransitions" name="test_accepted_offer_locked" time="0.429" /><testcase classname="backend.tests.test_m2_offers.TestOfferVersioning" name="test_create_and_send_offer" time="0.398" /><testcase classname="backend.tests.test_m2_offers.TestOfferVersioning" name="test_create_new_version" time="0.246" /><testcase classname="backend.tests.test_m2_offers.TestOfferVersioning" name="test_new_version_editable" time="0.171" /><testcase classname="backend.tests.test_m2_offers.TestOfferReject" name="test_create_and_send_offer" time="0.295" /><testcase classname="backend.tests.test_m2_offers.TestOfferReject" name="test_reject_offer" time="0.146" /><testcase classname="backend.tests.test_m2_offers.TestOfferReject" name="test_can_version_rejected_offer" time="0.139" /><testcase classname="backend.tests.test_m2_offers.TestActivityCatalog" name="test_create_activity" time="0.122" /><testcase classname="backend.tests.test_m2_offers.TestActivityCatalog" name="test_list_activities" time="0.436" /><testcase classname="backend.tests.test_m2_offers.TestActivityCatalog" name="test_update_activity" time="0.167" /><testcase classname="backend.tests.test_m2_offers.TestActivityCatalog" name="test_delete_activity" time="0.510" /><testcase classname="backend.tests.test_m2_offers.TestOfferEdgeCases" name="test_cannot_send_empty_offer" time="0.542" /><testcase classname="backend.tests.test_m2_offers.TestOfferEdgeCases" name="test_cannot_accept_draft_offer" time="0.463" /><testcase classname="backend.tests.test_m2_offers.TestOfferEdgeCases" name="test_cannot_version_draft_offer" time="0.548" /><testcase classname="backend.tests.test_m2_offers.TestTotalsComputation" name="test_totals_computation_accuracy" time="0.296" /><testcase classname="backend.tests.test_m2_offers.TestCleanup" name="test_cleanup_test_offers" time="1.184" /></testsuite></testsuites>