<?xml version="1.0" encoding="utf-8"?><testsuites name="pytest tests"><testsuite name="pytest" errors="0" failures="0" skipped="0" tests="20" time="7.373" timestamp="2026-02-17T20:39:22.918316+00:00" hostname="agent-env-f012cc4c-7c08-45db-b183-8e0d36093a9e"><testcase classname="backend.tests.test_m4_payroll.TestEmployeeProfiles" name="test_list_employees" time="0.731" /><testcase classname="backend.tests.test_m4_payroll.TestEmployeeProfiles" name="test_create_update_employee_profile" time="0.285" /><testcase classname="backend.tests.test_m4_payroll.TestEmployeeProfiles" name="test_technician_cannot_list_employees" time="0.554" /><testcase classname="backend.tests.test_m4_payroll.TestAdvances" name="test_list_advances" time="0.398" /><testcase classname="backend.tests.test_m4_payroll.TestAdvances" name="test_list_advances_filter_status" time="0.325" /><testcase classname="backend.tests.test_m4_payroll.TestAdvances" name="test_create_advance" time="0.290" /><testcase classname="backend.tests.test_m4_payroll.TestAdvances" name="test_technician_can_view_own_advances" time="0.340" /><testcase classname="backend.tests.test_m4_payroll.TestPayrollRuns" name="test_list_payroll_runs" time="0.164" /><testcase classname="backend.tests.test_m4_payroll.TestPayrollRuns" name="test_create_payroll_run" time="0.124" /><testcase classname="backend.tests.test_m4_payroll.TestPayrollRuns" name="test_get_payroll_run" time="0.137" /><testcase classname="backend.tests.test_m4_payroll.TestPayrollRuns" name="test_generate_payslips" time="0.140" /><testcase classname="backend.tests.test_m4_payroll.TestPayrollRuns" name="test_finalize_payroll" time="0.124" /><testcase classname="backend.tests.test_m4_payroll.TestPayslips" name="test_list_payslips_admin" time="0.158" /><testcase classname="backend.tests.test_m4_payroll.TestPayslips" name="test_technician_sees_only_own_payslips" time="0.477" /><testcase classname="backend.tests.test_m4_payroll.TestSetDeductions" name="test_set_deductions_on_draft_payroll" time="0.919" /><testcase classname="backend.tests.test_m4_payroll.TestMarkPaid" name="test_mark_paid_on_finalized_payroll" time="0.527" /><testcase classname="backend.tests.test_m4_payroll.TestMarkPaid" name="test_cannot_mark_paid_on_draft" time="0.809" /><testcase classname="backend.tests.test_m4_payroll.TestPayrollCalculations" name="test_daily_rate_calculation" time="0.270" /><testcase classname="backend.tests.test_m4_payroll.TestEnums" name="test_get_payroll_enums" time="0.176" /><testcase classname="backend.tests.test_m4_payroll.TestCleanup" name="test_cleanup_test_payroll_runs" time="0.285" /></testsuite></testsuites>