<?xml version="1.0" encoding="utf-8"?><testsuites name="pytest tests"><testsuite name="pytest" errors="0" failures="8" skipped="2" tests="33" time="25.861" timestamp="2026-02-17T21:31:08.219891+00:00" hostname="agent-env-df09af5b-4643-4fdb-9b7c-8ac6be7be59d"><testcase classname="backend.tests.test_m5_finance.TestFinanceStats" name="test_get_finance_stats_as_admin" time="0.750" /><testcase classname="backend.tests.test_m5_finance.TestFinanceStats" name="test_get_finance_stats_blocked_for_technician" time="0.152"><skipped type="pytest.skip" message="Technician user not available">/app/backend/tests/test_m5_finance.py:68: Technician user not available</skipped></testcase><testcase classname="backend.tests.test_m5_finance.TestFinancialAccounts" name="test_list_accounts_as_admin" time="0.573" /><testcase classname="backend.tests.test_m5_finance.TestFinancialAccounts" name="test_create_account" time="0.507" /><testcase classname="backend.tests.test_m5_finance.TestFinancialAccounts" name="test_update_account" time="0.699" /><testcase classname="backend.tests.test_m5_finance.TestFinancialAccounts" name="test_delete_account_without_payments" time="1.058" /><testcase classname="backend.tests.test_m5_finance.TestFinancialAccounts" name="test_technician_blocked_from_accounts" time="0.190"><skipped type="pytest.skip" message="Technician user not available">/app/backend/tests/test_m5_finance.py:181: Technician user not available</skipped></testcase><testcase classname="backend.tests.test_m5_finance.TestInvoices" name="test_list_invoices_as_admin" time="0.493" /><testcase classname="backend.tests.test_m5_finance.TestInvoices" name="test_filter_invoices_by_direction" time="0.490" /><testcase classname="backend.tests.test_m5_finance.TestInvoices" name="test_filter_invoices_by_status" time="0.650" /><testcase classname="backend.tests.test_m5_finance.TestInvoices" name="test_create_issued_invoice" time="0.557" /><testcase classname="backend.tests.test_m5_finance.TestInvoices" name="test_create_received_invoice" time="0.622" /><testcase classname="backend.tests.test_m5_finance.TestInvoices" name="test_get_invoice_details" time="0.736" /><testcase classname="backend.tests.test_m5_finance.TestInvoices" name="test_update_draft_invoice" time="0.763" /><testcase classname="backend.tests.test_m5_finance.TestInvoices" name="test_update_invoice_lines" time="0.646" /><testcase classname="backend.tests.test_m5_finance.TestInvoices" name="test_send_invoice" time="0.576"><failure message="assert 400 == 201&#10; +  where 400 = &lt;Response [400]&gt;.status_code">backend/tests/test_m5_finance.py:431: in test_send_invoice
    assert create_resp.status_code == 201
E   assert 400 == 201
E    +  where 400 = &lt;Response [400]&gt;.status_code</failure></testcase><testcase classname="backend.tests.test_m5_finance.TestInvoices" name="test_cannot_send_invoice_without_lines" time="0.720" /><testcase classname="backend.tests.test_m5_finance.TestInvoices" name="test_cancel_invoice" time="0.501"><failure message="KeyError: 'id'">backend/tests/test_m5_finance.py:495: in test_cancel_invoice
    invoice_id = create_resp.json()["id"]
                 ^^^^^^^^^^^^^^^^^^^^^^^^
E   KeyError: 'id'</failure></testcase><testcase classname="backend.tests.test_m5_finance.TestInvoices" name="test_delete_draft_invoice" time="0.739" /><testcase classname="backend.tests.test_m5_finance.TestInvoices" name="test_cannot_delete_sent_invoice" time="0.498"><failure message="KeyError: 'id'">backend/tests/test_m5_finance.py:558: in test_cannot_delete_sent_invoice
    invoice_id = create_resp.json()["id"]
                 ^^^^^^^^^^^^^^^^^^^^^^^^
E   KeyError: 'id'</failure></testcase><testcase classname="backend.tests.test_m5_finance.TestPayments" name="test_list_payments_as_admin" time="0.508" /><testcase classname="backend.tests.test_m5_finance.TestPayments" name="test_filter_payments_by_direction" time="0.621" /><testcase classname="backend.tests.test_m5_finance.TestPayments" name="test_create_inflow_payment" time="0.653" /><testcase classname="backend.tests.test_m5_finance.TestPayments" name="test_create_outflow_payment" time="0.640" /><testcase classname="backend.tests.test_m5_finance.TestPayments" name="test_get_payment_details" time="0.841" /><testcase classname="backend.tests.test_m5_finance.TestPayments" name="test_delete_payment_without_allocations" time="1.319" /><testcase classname="backend.tests.test_m5_finance.TestPaymentAllocation" name="test_allocate_payment_to_invoice" time="0.707"><failure message="KeyError: 'id'">backend/tests/test_m5_finance.py:773: in test_allocate_payment_to_invoice
    invoice_id = invoice_resp.json()["id"]
                 ^^^^^^^^^^^^^^^^^^^^^^^^^
E   KeyError: 'id'</failure></testcase><testcase classname="backend.tests.test_m5_finance.TestPaymentAllocation" name="test_full_payment_updates_to_paid" time="0.907"><failure message="KeyError: 'id'">backend/tests/test_m5_finance.py:855: in test_full_payment_updates_to_paid
    invoice_id = invoice_resp.json()["id"]
                 ^^^^^^^^^^^^^^^^^^^^^^^^^
E   KeyError: 'id'</failure></testcase><testcase classname="backend.tests.test_m5_finance.TestPaymentAllocation" name="test_cannot_allocate_more_than_payment" time="0.679"><failure message="KeyError: 'id'">backend/tests/test_m5_finance.py:927: in test_cannot_allocate_more_than_payment
    invoice_id = invoice_resp.json()["id"]
                 ^^^^^^^^^^^^^^^^^^^^^^^^^
E   KeyError: 'id'</failure></testcase><testcase classname="backend.tests.test_m5_finance.TestPaymentAllocation" name="test_cannot_allocate_more_than_invoice_remaining" time="1.047"><failure message="KeyError: 'id'">backend/tests/test_m5_finance.py:989: in test_cannot_allocate_more_than_invoice_remaining
    invoice_id = invoice_resp.json()["id"]
                 ^^^^^^^^^^^^^^^^^^^^^^^^^
E   KeyError: 'id'</failure></testcase><testcase classname="backend.tests.test_m5_finance.TestPaymentAllocation" name="test_direction_mismatch_blocked" time="0.660"><failure message="KeyError: 'id'">backend/tests/test_m5_finance.py:1052: in test_direction_mismatch_blocked
    invoice_id = invoice_resp.json()["id"]
                 ^^^^^^^^^^^^^^^^^^^^^^^^^
E   KeyError: 'id'</failure></testcase><testcase classname="backend.tests.test_m5_finance.TestFinanceEnums" name="test_get_finance_enums" time="0.149" /><testcase classname="backend.tests.test_m5_finance.TestCleanup" name="test_cleanup_test_data" time="4.958" /></testsuite></testsuites>