<?xml version="1.0" encoding="utf-8"?><testsuites name="pytest tests"><testsuite name="pytest" errors="0" failures="0" skipped="0" tests="15" time="7.580" timestamp="2026-02-17T19:15:10.723816+00:00" hostname="agent-env-f012cc4c-7c08-45db-b183-8e0d36093a9e"><testcase classname="backend.tests.test_m9_alerts.TestAuth" name="test_admin_login" time="0.494" /><testcase classname="backend.tests.test_m9_alerts.TestAuth" name="test_tech_login" time="0.366" /><testcase classname="backend.tests.test_m9_alerts.TestReminderPolicy" name="test_get_reminder_policy" time="0.657" /><testcase classname="backend.tests.test_m9_alerts.TestMissingAttendance" name="test_get_missing_attendance" time="0.612" /><testcase classname="backend.tests.test_m9_alerts.TestMissingAttendance" name="test_missing_attendance_requires_manager" time="0.119" /><testcase classname="backend.tests.test_m9_alerts.TestMissingWorkReports" name="test_get_missing_work_reports" time="0.580" /><testcase classname="backend.tests.test_m9_alerts.TestReminderLogs" name="test_get_reminder_logs" time="0.618" /><testcase classname="backend.tests.test_m9_alerts.TestSendReminders" name="test_send_reminder_missing_attendance" time="0.872" /><testcase classname="backend.tests.test_m9_alerts.TestSendReminders" name="test_send_reminder_requires_manager" time="0.125" /><testcase classname="backend.tests.test_m9_alerts.TestExcuseReminder" name="test_excuse_reminder" time="0.763" /><testcase classname="backend.tests.test_m9_alerts.TestNotifications" name="test_get_my_notifications" time="0.523" /><testcase classname="backend.tests.test_m9_alerts.TestNotifications" name="test_mark_notifications_read" time="0.326" /><testcase classname="backend.tests.test_m9_alerts.TestDashboardStats" name="test_dashboard_stats" time="1.030" /><testcase classname="backend.tests.test_m9_alerts.TestInternalReminderJobs" name="test_trigger_reminder_jobs" time="0.169" /><testcase classname="backend.tests.test_m9_alerts.TestHealthEndpoint" name="test_health" time="0.202" /></testsuite></testsuites>