<?xml version="1.0" encoding="utf-8"?><testsuites name="pytest tests"><testsuite name="pytest" errors="0" failures="1" skipped="0" tests="25" time="9.646" timestamp="2026-02-18T04:55:27.523146+00:00" hostname="agent-env-d82d1826-1a71-46dc-a29d-f8295bbceb5b"><testcase classname="backend.tests.test_m9_overhead.TestOverheadAuth" name="test_admin_can_access_overhead" time="0.615" /><testcase classname="backend.tests.test_m9_overhead.TestOverheadAuth" name="test_technician_blocked_from_overhead" time="0.561" /><testcase classname="backend.tests.test_m9_overhead.TestOverheadCategories" name="test_list_categories" time="0.479" /><testcase classname="backend.tests.test_m9_overhead.TestOverheadCategories" name="test_create_category" time="0.135" /><testcase classname="backend.tests.test_m9_overhead.TestOverheadCategories" name="test_update_category" time="0.346" /><testcase classname="backend.tests.test_m9_overhead.TestOverheadCategories" name="test_delete_category" time="0.325" /><testcase classname="backend.tests.test_m9_overhead.TestOverheadCosts" name="test_list_costs" time="0.435" /><testcase classname="backend.tests.test_m9_overhead.TestOverheadCosts" name="test_list_costs_with_date_filter" time="0.108" /><testcase classname="backend.tests.test_m9_overhead.TestOverheadCosts" name="test_create_cost" time="0.304" /><testcase classname="backend.tests.test_m9_overhead.TestOverheadCosts" name="test_create_cost_all_frequencies" time="0.658" /><testcase classname="backend.tests.test_m9_overhead.TestOverheadCosts" name="test_create_cost_all_allocation_types" time="0.653" /><testcase classname="backend.tests.test_m9_overhead.TestOverheadCosts" name="test_update_cost" time="0.328" /><testcase classname="backend.tests.test_m9_overhead.TestOverheadCosts" name="test_delete_cost" time="0.227" /><testcase classname="backend.tests.test_m9_overhead.TestOverheadAssets" name="test_list_assets" time="0.426" /><testcase classname="backend.tests.test_m9_overhead.TestOverheadAssets" name="test_create_asset" time="0.121"><failure message="AssertionError: assert 'daily_amortization' in {'active': True, 'assigned_to_user_id': None, 'created_at': '2026-02-18T04:55:33.366638+00:00', 'currency': 'EUR', ...}">backend/tests/test_m9_overhead.py:344: in test_create_asset
    assert "daily_amortization" in created
E   AssertionError: assert 'daily_amortization' in {'active': True, 'assigned_to_user_id': None, 'created_at': '2026-02-18T04:55:33.366638+00:00', 'currency': 'EUR', ...}</failure></testcase><testcase classname="backend.tests.test_m9_overhead.TestOverheadAssets" name="test_update_asset" time="0.355" /><testcase classname="backend.tests.test_m9_overhead.TestOverheadAssets" name="test_delete_asset" time="0.219" /><testcase classname="backend.tests.test_m9_overhead.TestOverheadSnapshots" name="test_list_snapshots" time="0.491" /><testcase classname="backend.tests.test_m9_overhead.TestOverheadSnapshots" name="test_get_snapshot_detail" time="0.227" /><testcase classname="backend.tests.test_m9_overhead.TestOverheadSnapshots" name="test_compute_snapshot_person_days" time="0.110" /><testcase classname="backend.tests.test_m9_overhead.TestOverheadSnapshots" name="test_compute_snapshot_hours" time="0.265" /><testcase classname="backend.tests.test_m9_overhead.TestOverheadAllocation" name="test_allocate_to_projects" time="0.556" /><testcase classname="backend.tests.test_m9_overhead.TestOverheadAllocation" name="test_list_allocations" time="0.116" /><testcase classname="backend.tests.test_m9_overhead.TestOverheadEnums" name="test_get_enums" time="0.433" /><testcase classname="backend.tests.test_m9_overhead.TestCleanup" name="test_cleanup_test_data" time="0.985" /></testsuite></testsuites>