<?xml version="1.0" encoding="utf-8"?><testsuites name="pytest tests"><testsuite name="pytest" errors="0" failures="0" skipped="0" tests="23" time="3.277" timestamp="2026-04-11T14:13:10.777566+00:00" hostname="agent-env-9352da7d-3b66-4ec7-9e3e-c08500b638f0"><testcase classname="tests.test_payroll_batch.TestPayrollBatchEligible" name="test_eligible_returns_200" time="1.423" /><testcase classname="tests.test_payroll_batch.TestPayrollBatchEligible" name="test_eligible_response_structure" time="0.057" /><testcase classname="tests.test_payroll_batch.TestPayrollBatchEligible" name="test_eligible_dates_array_has_7_days" time="0.058" /><testcase classname="tests.test_payroll_batch.TestPayrollBatchEligible" name="test_eligible_week_starts_on_saturday" time="0.061" /><testcase classname="tests.test_payroll_batch.TestPayrollBatchEligible" name="test_eligible_week_ends_on_friday" time="0.061" /><testcase classname="tests.test_payroll_batch.TestPayrollBatchEligible" name="test_eligible_week_span_is_6_days" time="0.056" /><testcase classname="tests.test_payroll_batch.TestPayrollBatchEligible" name="test_eligible_with_week_of_parameter" time="0.065" /><testcase classname="tests.test_payroll_batch.TestPayrollBatchEligible" name="test_eligible_workers_structure" time="0.059" /><testcase classname="tests.test_payroll_batch.TestPayrollBatchEligible" name="test_eligible_unauthenticated_rejected" time="0.146" /><testcase classname="tests.test_payroll_batch.TestPayrollBatchCreate" name="test_create_batch_requires_auth" time="0.119" /><testcase classname="tests.test_payroll_batch.TestPayrollBatchCreate" name="test_create_batch_with_valid_data" time="0.060" /><testcase classname="tests.test_payroll_batch.TestPayrollBatchList" name="test_list_batches_returns_200" time="0.066" /><testcase classname="tests.test_payroll_batch.TestPayrollBatchList" name="test_list_batches_structure" time="0.108" /><testcase classname="tests.test_payroll_batch.TestPayrollBatchList" name="test_list_batches_unauthenticated_rejected" time="0.117" /><testcase classname="tests.test_payroll_batch.TestPayrollBatchPay" name="test_mark_paid_requires_auth" time="0.104" /><testcase classname="tests.test_payroll_batch.TestPayrollBatchPay" name="test_mark_paid_nonexistent_batch" time="0.056" /><testcase classname="tests.test_payroll_batch.TestPayrollBatchPay" name="test_mark_paid_flow" time="0.109" /><testcase classname="tests.test_payroll_batch.TestPayrollBatchPay" name="test_mark_paid_already_paid_batch" time="0.113" /><testcase classname="tests.test_payroll_batch.TestPayrollBatchGetSingle" name="test_get_single_batch" time="0.108" /><testcase classname="tests.test_payroll_batch.TestPayrollBatchGetSingle" name="test_get_nonexistent_batch" time="0.055" /><testcase classname="tests.test_payroll_batch.TestPayrollBatchCarryForward" name="test_carry_forward_requires_auth" time="0.112" /><testcase classname="tests.test_payroll_batch.TestPayrollBatchCarryForward" name="test_carry_forward_requires_week_of" time="0.052" /><testcase classname="tests.test_payroll_batch.TestPayrollBatchCarryForward" name="test_carry_forward_with_valid_week" time="0.055" /></testsuite></testsuites>