<?xml version="1.0" encoding="utf-8"?><testsuites name="pytest tests"><testsuite name="pytest" errors="0" failures="0" skipped="0" tests="12" time="5.795" timestamp="2026-04-11T11:43:48.778445+00:00" hostname="agent-env-9352da7d-3b66-4ec7-9e3e-c08500b638f0"><testcase classname="tests.test_personnel_today.TestPersonnelTodayEndpoint" name="test_endpoint_returns_200" time="1.504" /><testcase classname="tests.test_personnel_today.TestPersonnelTodayEndpoint" name="test_response_has_date" time="0.388" /><testcase classname="tests.test_personnel_today.TestPersonnelTodayEndpoint" name="test_response_has_counters" time="0.385" /><testcase classname="tests.test_personnel_today.TestPersonnelTodayEndpoint" name="test_counters_math_consistency" time="0.369" /><testcase classname="tests.test_personnel_today.TestPersonnelTodayEndpoint" name="test_response_has_personnel_list" time="0.379" /><testcase classname="tests.test_personnel_today.TestPersonnelTodayEndpoint" name="test_personnel_item_structure" time="0.378" /><testcase classname="tests.test_personnel_today.TestPersonnelTodayEndpoint" name="test_personnel_sorting_priority" time="0.378" /><testcase classname="tests.test_personnel_today.TestPersonnelTodayEndpoint" name="test_test_users_filtered_out" time="0.386" /><testcase classname="tests.test_personnel_today.TestPersonnelTodayEndpoint" name="test_working_personnel_have_site_info" time="0.377" /><testcase classname="tests.test_personnel_today.TestPersonnelTodayEndpoint" name="test_unauthenticated_request_fails" time="0.434" /><testcase classname="tests.test_personnel_today.TestPersonnelTodayDataIntegrity" name="test_personnel_count_matches_total" time="0.386" /><testcase classname="tests.test_personnel_today.TestPersonnelTodayDataIntegrity" name="test_status_counts_match_personnel" time="0.371" /></testsuite></testsuites>