<?xml version="1.0" encoding="utf-8"?><testsuites name="pytest tests"><testsuite name="pytest" errors="0" failures="0" skipped="0" tests="10" time="4.857" timestamp="2026-04-07T17:13:21.249623+00:00" hostname="agent-env-9352da7d-3b66-4ec7-9e3e-c08500b638f0"><testcase classname="tests.test_location_tree" name="test_create_building" time="1.675" /><testcase classname="tests.test_location_tree" name="test_create_nested_hierarchy" time="0.481" /><testcase classname="tests.test_location_tree" name="test_get_tree" time="0.113" /><testcase classname="tests.test_location_tree" name="test_update_location" time="0.343" /><testcase classname="tests.test_location_tree" name="test_delete_blocked_with_children" time="0.660" /><testcase classname="tests.test_location_tree" name="test_get_children" time="0.820" /><testcase classname="tests.test_location_tree" name="test_smr_at_location" time="0.366" /><testcase classname="tests.test_location_tree" name="test_reverse_lookup" time="0.107" /><testcase classname="tests.test_location_tree" name="test_invalid_type" time="0.114" /><testcase classname="tests.test_location_tree" name="test_not_found" time="0.115" /></testsuite></testsuites>