<?xml version="1.0" encoding="utf-8"?><testsuites name="pytest tests"><testsuite name="pytest" errors="0" failures="0" skipped="0" tests="18" time="9.771" timestamp="2026-03-08T21:05:51.819055+00:00" hostname="agent-env-9352da7d-3b66-4ec7-9e3e-c08500b638f0"><testcase classname="tests.test_extra_works.TestExtraWorksDraft" name="test_create_extra_work_draft" time="1.437" /><testcase classname="tests.test_extra_works.TestExtraWorksDraft" name="test_list_extra_works_by_project_and_status" time="0.523" /><testcase classname="tests.test_extra_works.TestExtraWorksDraft" name="test_get_single_extra_work" time="0.514" /><testcase classname="tests.test_extra_works.TestExtraWorksDraft" name="test_update_extra_work_draft" time="0.567" /><testcase classname="tests.test_extra_works.TestExtraWorksDraft" name="test_delete_extra_work_draft" time="0.546" /><testcase classname="tests.test_extra_works.TestAIProposalService" name="test_ai_proposal_mazilka" time="0.431" /><testcase classname="tests.test_extra_works.TestAIProposalService" name="test_ai_proposal_boiadisvasne" time="0.403" /><testcase classname="tests.test_extra_works.TestAIProposalService" name="test_ai_proposal_plochki" time="0.395" /><testcase classname="tests.test_extra_works.TestAIProposalService" name="test_ai_proposal_gipsokartun" time="0.370" /><testcase classname="tests.test_extra_works.TestAIProposalService" name="test_ai_proposal_elektro" time="0.389" /><testcase classname="tests.test_extra_works.TestAIProposalService" name="test_ai_proposal_vik" time="0.388" /><testcase classname="tests.test_extra_works.TestAIProposalService" name="test_ai_proposal_small_qty_adjustment" time="0.420" /><testcase classname="tests.test_extra_works.TestAIProposalService" name="test_ai_proposal_unknown_activity" time="0.401" /><testcase classname="tests.test_extra_works.TestApplyAIToDraft" name="test_apply_ai_to_draft" time="0.487" /><testcase classname="tests.test_extra_works.TestCreateOfferFromDrafts" name="test_create_offer_from_drafts" time="0.787" /><testcase classname="tests.test_extra_works.TestCreateOfferFromDrafts" name="test_draft_status_changes_to_converted" time="0.834" /><testcase classname="tests.test_extra_works.TestCreateOfferFromDrafts" name="test_create_offer_requires_draft_ids" time="0.416" /><testcase classname="tests.test_extra_works.TestCreateOfferFromDrafts" name="test_create_offer_drafts_same_project" time="0.384" /></testsuite></testsuites>