<?xml version="1.0" encoding="utf-8"?><testsuites name="pytest tests"><testsuite name="pytest" errors="0" failures="0" skipped="0" tests="15" time="8.054" timestamp="2026-03-09T05:46:07.672688+00:00" hostname="agent-env-9352da7d-3b66-4ec7-9e3e-c08500b638f0"><testcase classname="tests.test_offer_send_review.TestOfferSendReviewFeatures" name="test_send_offer_generates_review_token" time="1.415" /><testcase classname="tests.test_offer_send_review.TestOfferSendReviewFeatures" name="test_send_offer_creates_version_snapshot" time="0.442" /><testcase classname="tests.test_offer_send_review.TestOfferSendReviewFeatures" name="test_send_offer_records_sent_event" time="0.503" /><testcase classname="tests.test_offer_send_review.TestOfferSendReviewFeatures" name="test_public_review_endpoint_no_auth" time="0.584" /><testcase classname="tests.test_offer_send_review.TestOfferSendReviewFeatures" name="test_public_review_returns_offer_data" time="0.562" /><testcase classname="tests.test_offer_send_review.TestOfferSendReviewFeatures" name="test_public_review_invalid_token_returns_404" time="0.141" /><testcase classname="tests.test_offer_send_review.TestOfferSendReviewFeatures" name="test_client_approve_sets_status_accepted" time="0.533" /><testcase classname="tests.test_offer_send_review.TestOfferSendReviewFeatures" name="test_client_reject_sets_status_rejected" time="0.546" /><testcase classname="tests.test_offer_send_review.TestOfferSendReviewFeatures" name="test_client_revision_sets_status_needs_revision" time="0.564" /><testcase classname="tests.test_offer_send_review.TestOfferSendReviewFeatures" name="test_respond_already_processed_returns_error" time="0.617" /><testcase classname="tests.test_offer_send_review.TestOfferSendReviewFeatures" name="test_events_includes_sent_viewed_approved" time="0.669" /><testcase classname="tests.test_offer_send_review.TestOfferSendReviewFeatures" name="test_project_dashboard_includes_extra_offers" time="0.392" /><testcase classname="tests.test_offer_send_review.TestOfferSendReviewFeatures" name="test_existing_offer_off0089_review" time="0.103" /><testcase classname="tests.test_offer_send_review.TestOfferSendValidations" name="test_send_offer_without_lines_fails" time="0.439" /><testcase classname="tests.test_offer_send_review.TestOfferSendValidations" name="test_send_non_draft_offer_fails" time="0.476" /></testsuite></testsuites>