<?xml version="1.0" encoding="utf-8"?><testsuites name="pytest tests"><testsuite name="pytest" errors="0" failures="0" skipped="0" tests="28" time="7.018" timestamp="2026-03-12T20:03:30.119721+00:00" hostname="agent-env-9352da7d-3b66-4ec7-9e3e-c08500b638f0"><testcase classname="tests.test_material_smr_flow.TestMaterialSMRFlow" name="test_p1_sync_material_entries" time="1.636" /><testcase classname="tests.test_material_smr_flow.TestMaterialSMRFlow" name="test_p1_list_material_entries_by_project" time="0.132" /><testcase classname="tests.test_material_smr_flow.TestMaterialSMRFlow" name="test_p1_list_material_entries_by_execution_package" time="0.272" /><testcase classname="tests.test_material_smr_flow.TestMaterialSMRFlow" name="test_p1_list_material_entries_by_planned_material" time="0.178" /><testcase classname="tests.test_material_smr_flow.TestMaterialSMRFlow" name="test_p1_unmapped_entries_preserved" time="0.138" /><testcase classname="tests.test_material_smr_flow.TestMaterialSMRFlow" name="test_p1_movement_types_correct" time="0.116" /><testcase classname="tests.test_material_smr_flow.TestMaterialSMRFlow" name="test_p2_get_material_cost_by_exec_package" time="0.114" /><testcase classname="tests.test_material_smr_flow.TestMaterialSMRFlow" name="test_p2_material_cost_404_for_invalid_package" time="0.146" /><testcase classname="tests.test_material_smr_flow.TestMaterialSMRFlow" name="test_p2_by_material_breakdown_correct" time="0.157" /><testcase classname="tests.test_material_smr_flow.TestMaterialSMRFlow" name="test_p3_recompute_material_for_project" time="0.184" /><testcase classname="tests.test_material_smr_flow.TestMaterialSMRFlow" name="test_p3_budget_from_planned_materials" time="0.131" /><testcase classname="tests.test_material_smr_flow.TestMaterialSMRFlow" name="test_p3_verify_recompute_updates_package_fields" time="0.263" /><testcase classname="tests.test_material_smr_flow.TestMaterialSMRFlow" name="test_p4_get_package_financial_summary" time="0.136" /><testcase classname="tests.test_material_smr_flow.TestMaterialSMRFlow" name="test_p4_financial_breakdown_all_packages" time="0.121" /><testcase classname="tests.test_material_smr_flow.TestMaterialSMRFlow" name="test_p4_margin_calculation" time="0.138" /><testcase classname="tests.test_material_smr_flow.TestMaterialSMRFlow" name="test_p4_financial_404_for_invalid_package" time="0.141" /><testcase classname="tests.test_material_smr_flow.TestMaterialSMRFlow" name="test_p5_get_material_warnings" time="0.117" /><testcase classname="tests.test_material_smr_flow.TestMaterialSMRFlow" name="test_p5_project_profit_includes_material_detail" time="0.157" /><testcase classname="tests.test_material_smr_flow.TestMaterialSMRFlow" name="test_p5_no_fabricated_costs_when_data_missing" time="0.420" /><testcase classname="tests.test_material_smr_flow.TestMaterialSMRFlow" name="test_p5_profit_metrics_available_flags" time="0.125" /><testcase classname="tests.test_material_smr_flow.TestMaterialSMREdgeCases" name="test_sync_idempotent" time="0.591" /><testcase classname="tests.test_material_smr_flow.TestMaterialSMREdgeCases" name="test_material_entries_sorted_by_date" time="0.127" /><testcase classname="tests.test_material_smr_flow.TestMaterialSMREdgeCases" name="test_financial_breakdown_empty_project" time="0.114" /><testcase classname="tests.test_material_smr_flow.TestMaterialSMREdgeCases" name="test_material_warnings_empty_project" time="0.139" /><testcase classname="tests.test_material_smr_flow.TestMaterialSMREdgeCases" name="test_recompute_empty_project" time="0.128" /><testcase classname="tests.test_material_smr_flow.TestMaterialSMRDataIntegrity" name="test_material_entries_have_source_sync" time="0.626" /><testcase classname="tests.test_material_smr_flow.TestMaterialSMRDataIntegrity" name="test_entries_have_source_doc_references" time="0.119" /><testcase classname="tests.test_material_smr_flow.TestMaterialSMRDataIntegrity" name="test_total_cost_consistency" time="0.255" /></testsuite></testsuites>