<?xml version="1.0" encoding="utf-8"?><testsuites name="pytest tests"><testsuite name="pytest" errors="0" failures="0" skipped="0" tests="11" time="8.007" timestamp="2026-03-11T05:13:32.803379+00:00" hostname="agent-env-9352da7d-3b66-4ec7-9e3e-c08500b638f0"><testcase classname="tests.test_new_employee_hr.TestNewEmployeeHRFlow" name="test_create_user_with_phone" time="1.683" /><testcase classname="tests.test_new_employee_hr.TestNewEmployeeHRFlow" name="test_create_user_without_phone" time="0.628" /><testcase classname="tests.test_new_employee_hr.TestNewEmployeeHRFlow" name="test_create_employee_profile_with_working_days" time="0.643" /><testcase classname="tests.test_new_employee_hr.TestNewEmployeeHRFlow" name="test_create_employee_profile_daily_rate" time="0.660" /><testcase classname="tests.test_new_employee_hr.TestNewEmployeeHRFlow" name="test_get_employees_returns_all_fields" time="0.366" /><testcase classname="tests.test_new_employee_hr.TestNewEmployeeHRFlow" name="test_get_employees_phone_populated" time="0.828" /><testcase classname="tests.test_new_employee_hr.TestNewEmployeeHRFlow" name="test_update_employee_basic_with_avatar_url" time="0.430" /><testcase classname="tests.test_new_employee_hr.TestNewEmployeeHRFlow" name="test_update_employee_basic_all_fields" time="0.686" /><testcase classname="tests.test_new_employee_hr.TestNewEmployeeHRFlow" name="test_full_create_employee_flow" time="0.714" /><testcase classname="tests.test_new_employee_hr.TestEmployeeListFields" name="test_employees_list_structure" time="0.390" /><testcase classname="tests.test_new_employee_hr.TestCleanup" name="test_cleanup_test_users" time="0.907" /></testsuite></testsuites>