<?xml version="1.0" encoding="utf-8"?><testsuites name="pytest tests"><testsuite name="pytest" errors="0" failures="0" skipped="0" tests="16" time="2.669" timestamp="2026-03-10T19:36:09.321100+00:00" hostname="agent-env-9352da7d-3b66-4ec7-9e3e-c08500b638f0"><testcase classname="tests.test_employee_edit_hr.TestEmployeeBasicUpdate" name="test_update_basic_phone" time="1.512" /><testcase classname="tests.test_employee_edit_hr.TestEmployeeBasicUpdate" name="test_update_basic_first_name" time="0.070" /><testcase classname="tests.test_employee_edit_hr.TestEmployeeBasicUpdate" name="test_update_basic_last_name" time="0.076" /><testcase classname="tests.test_employee_edit_hr.TestEmployeeBasicUpdate" name="test_update_basic_multiple_fields" time="0.063" /><testcase classname="tests.test_employee_edit_hr.TestEmployeeBasicUpdate" name="test_update_basic_404_for_unknown_user" time="0.065" /><testcase classname="tests.test_employee_edit_hr.TestEmployeeProfileUpdate" name="test_update_profile_pay_type" time="0.075" /><testcase classname="tests.test_employee_edit_hr.TestEmployeeProfileUpdate" name="test_update_profile_monthly_salary" time="0.075" /><testcase classname="tests.test_employee_edit_hr.TestEmployeeProfileUpdate" name="test_update_profile_daily_rate" time="0.061" /><testcase classname="tests.test_employee_edit_hr.TestEmployeeProfileUpdate" name="test_update_profile_hourly_rate" time="0.065" /><testcase classname="tests.test_employee_edit_hr.TestEmployeeProfileUpdate" name="test_update_profile_working_days" time="0.065" /><testcase classname="tests.test_employee_edit_hr.TestEmployeeProfileUpdate" name="test_update_profile_standard_hours" time="0.068" /><testcase classname="tests.test_employee_edit_hr.TestEmployeeProfileUpdate" name="test_update_profile_active_status" time="0.066" /><testcase classname="tests.test_employee_edit_hr.TestEmployeeProfileUpdate" name="test_update_profile_full_pay_settings" time="0.062" /><testcase classname="tests.test_employee_edit_hr.TestEmployeeProfileUpdate" name="test_update_profile_404_without_profile" time="0.070" /><testcase classname="tests.test_employee_edit_hr.TestEmployeeDashboardAfterUpdate" name="test_dashboard_shows_updated_phone" time="0.077" /><testcase classname="tests.test_employee_edit_hr.TestEmployeeDashboardAfterUpdate" name="test_dashboard_shows_updated_profile" time="0.081" /></testsuite></testsuites>