<?xml version="1.0" encoding="utf-8"?><testsuites name="pytest tests"><testsuite name="pytest" errors="0" failures="0" skipped="0" tests="8" time="2.876" timestamp="2026-04-08T05:43:32.395808+00:00" hostname="agent-env-9352da7d-3b66-4ec7-9e3e-c08500b638f0"><testcase classname="tests.test_budget_labor" name="test_forecast" time="1.828" /><testcase classname="tests.test_budget_labor" name="test_avg_daily_wage" time="0.099" /><testcase classname="tests.test_budget_labor" name="test_burn_tracking" time="0.104" /><testcase classname="tests.test_budget_labor" name="test_budget_health" time="0.110" /><testcase classname="tests.test_budget_labor" name="test_earned_value" time="0.144" /><testcase classname="tests.test_budget_labor" name="test_burn_zero" time="0.216" /><testcase classname="tests.test_budget_labor" name="test_progress_warnings" time="0.108" /><testcase classname="tests.test_budget_labor" name="test_budget_new_fields" time="0.203" /></testsuite></testsuites>