<?xml version="1.0" encoding="utf-8"?><testsuites name="pytest tests"><testsuite name="pytest" errors="0" failures="0" skipped="0" tests="26" time="3.246" timestamp="2026-03-13T04:50:13.636045+00:00" hostname="agent-env-9352da7d-3b66-4ec7-9e3e-c08500b638f0"><testcase classname="tests.test_revenue_snapshot_flow.TestRevenueSnapshotPhase1" name="test_list_revenue_snapshots" time="1.489" /><testcase classname="tests.test_revenue_snapshot_flow.TestRevenueSnapshotPhase1" name="test_create_snapshot_offer_not_found" time="0.061" /><testcase classname="tests.test_revenue_snapshot_flow.TestRevenueSnapshotPhase1" name="test_snapshot_list_no_project_filter" time="0.055" /><testcase classname="tests.test_revenue_snapshot_flow.TestProfitByPeriodPhase2" name="test_profit_by_period_endpoint" time="0.054" /><testcase classname="tests.test_revenue_snapshot_flow.TestProfitByPeriodPhase2" name="test_period_structure_if_exists" time="0.056" /><testcase classname="tests.test_revenue_snapshot_flow.TestProfitByPeriodPhase2" name="test_profit_period_returns_valid_structure" time="0.055" /><testcase classname="tests.test_revenue_snapshot_flow.TestCashVsEarnedPhase3" name="test_cash_vs_earned_endpoint" time="0.055" /><testcase classname="tests.test_revenue_snapshot_flow.TestCashVsEarnedPhase3" name="test_cash_earned_billed_collected_fields" time="0.052" /><testcase classname="tests.test_revenue_snapshot_flow.TestCashVsEarnedPhase3" name="test_cash_position_field" time="0.063" /><testcase classname="tests.test_revenue_snapshot_flow.TestCashVsEarnedPhase3" name="test_gaps_structure" time="0.054" /><testcase classname="tests.test_revenue_snapshot_flow.TestCashVsEarnedPhase3" name="test_collection_percent_field" time="0.052" /><testcase classname="tests.test_revenue_snapshot_flow.TestCashVsEarnedPhase3" name="test_basis_labels_present" time="0.056" /><testcase classname="tests.test_revenue_snapshot_flow.TestProcurementAlertsPhase4" name="test_procurement_alerts_endpoint" time="0.056" /><testcase classname="tests.test_revenue_snapshot_flow.TestProcurementAlertsPhase4" name="test_metrics_available_field" time="0.059" /><testcase classname="tests.test_revenue_snapshot_flow.TestProcurementAlertsPhase4" name="test_alerts_sorted_by_severity" time="0.055" /><testcase classname="tests.test_revenue_snapshot_flow.TestProcurementAlertsPhase4" name="test_summary_field_structure" time="0.054" /><testcase classname="tests.test_revenue_snapshot_flow.TestProjectRiskPhase5" name="test_project_risk_endpoint" time="0.065" /><testcase classname="tests.test_revenue_snapshot_flow.TestProjectRiskPhase5" name="test_risk_level_valid_values" time="0.058" /><testcase classname="tests.test_revenue_snapshot_flow.TestProjectRiskPhase5" name="test_risk_flags_is_list" time="0.055" /><testcase classname="tests.test_revenue_snapshot_flow.TestProjectRiskPhase5" name="test_explanations_provided" time="0.070" /><testcase classname="tests.test_revenue_snapshot_flow.TestProjectRiskPhase5" name="test_risk_level_logic" time="0.052" /><testcase classname="tests.test_revenue_snapshot_flow.TestEdgeCases" name="test_profit_by_period_empty_project" time="0.055" /><testcase classname="tests.test_revenue_snapshot_flow.TestEdgeCases" name="test_cash_vs_earned_empty_project" time="0.052" /><testcase classname="tests.test_revenue_snapshot_flow.TestEdgeCases" name="test_procurement_alerts_empty_project" time="0.050" /><testcase classname="tests.test_revenue_snapshot_flow.TestEdgeCases" name="test_project_risk_nonexistent_project" time="0.057" /><testcase classname="tests.test_revenue_snapshot_flow.TestEdgeCases" name="test_unauthenticated_access" time="0.322" /></testsuite></testsuites>