<?xml version="1.0" encoding="utf-8"?><testsuites name="pytest tests"><testsuite name="pytest" errors="0" failures="0" skipped="0" tests="21" time="9.880" timestamp="2026-04-11T13:53:32.916338+00:00" hostname="agent-env-9352da7d-3b66-4ec7-9e3e-c08500b638f0"><testcase classname="tests.test_weekly_matrix.TestWeeklyMatrixAPI" name="test_weekly_matrix_returns_200" time="1.568" /><testcase classname="tests.test_weekly_matrix.TestWeeklyMatrixAPI" name="test_response_has_required_fields" time="0.392" /><testcase classname="tests.test_weekly_matrix.TestWeeklyMatrixAPI" name="test_dates_array_has_7_days" time="0.423" /><testcase classname="tests.test_weekly_matrix.TestWeeklyMatrixAPI" name="test_week_starts_on_saturday" time="0.434" /><testcase classname="tests.test_weekly_matrix.TestWeeklyMatrixAPI" name="test_week_ends_on_friday" time="0.408" /><testcase classname="tests.test_weekly_matrix.TestWeeklyMatrixAPI" name="test_week_span_is_6_days" time="0.394" /><testcase classname="tests.test_weekly_matrix.TestWeeklyMatrixAPI" name="test_week_of_parameter_returns_correct_week" time="0.450" /><testcase classname="tests.test_weekly_matrix.TestWeeklyMatrixAPI" name="test_week_of_mid_week_date" time="0.380" /><testcase classname="tests.test_weekly_matrix.TestWeeklyMatrixAPI" name="test_week_of_friday_date" time="0.416" /><testcase classname="tests.test_weekly_matrix.TestWeeklyMatrixAPI" name="test_row_has_required_fields" time="0.388" /><testcase classname="tests.test_weekly_matrix.TestWeeklyMatrixAPI" name="test_row_days_array_has_7_entries" time="0.391" /><testcase classname="tests.test_weekly_matrix.TestWeeklyMatrixAPI" name="test_day_entry_has_required_fields" time="0.393" /><testcase classname="tests.test_weekly_matrix.TestWeeklyMatrixAPI" name="test_totals_has_required_fields" time="0.413" /><testcase classname="tests.test_weekly_matrix.TestWeeklyMatrixAPI" name="test_totals_math_consistency" time="0.418" /><testcase classname="tests.test_weekly_matrix.TestWeeklyMatrixAPI" name="test_workers_with_data_count" time="0.399" /><testcase classname="tests.test_weekly_matrix.TestWeeklyMatrixAPI" name="test_overtime_calculated_correctly" time="0.391" /><testcase classname="tests.test_weekly_matrix.TestWeeklyMatrixAPI" name="test_unauthenticated_request_rejected" time="0.456" /><testcase classname="tests.test_weekly_matrix.TestWeeklyMatrixAPI" name="test_dates_match_week_range" time="0.404" /><testcase classname="tests.test_weekly_matrix.TestWeeklyMatrixAPI" name="test_row_days_dates_match_header_dates" time="0.393" /><testcase classname="tests.test_weekly_matrix.TestWeeklyMatrixAPI" name="test_labor_value_calculation" time="0.385" /><testcase classname="tests.test_weekly_matrix.TestWeeklyMatrixAPI" name="test_net_pay_equals_labor_value" time="0.388" /></testsuite></testsuites>