<?xml version="1.0" encoding="utf-8"?><testsuites name="pytest tests"><testsuite name="pytest" errors="0" failures="0" skipped="0" tests="27" time="3.316" timestamp="2026-03-12T05:09:47.234364+00:00" hostname="agent-env-9352da7d-3b66-4ec7-9e3e-c08500b638f0"><testcase classname="tests.test_subcontractor_flow.TestPhase1_SubcontractorsCRUD" name="test_p1_create_subcontractor" time="1.494" /><testcase classname="tests.test_subcontractor_flow.TestPhase1_SubcontractorsCRUD" name="test_p1_list_subcontractors" time="0.052" /><testcase classname="tests.test_subcontractor_flow.TestPhase1_SubcontractorsCRUD" name="test_p1_get_subcontractor_by_id" time="0.054" /><testcase classname="tests.test_subcontractor_flow.TestPhase1_SubcontractorsCRUD" name="test_p1_create_draft_package" time="0.053" /><testcase classname="tests.test_subcontractor_flow.TestPhase1_SubcontractorsCRUD" name="test_p1_confirm_package_without_lines_fails" time="0.055" /><testcase classname="tests.test_subcontractor_flow.TestPhase2_PackageLines" name="test_p2_add_lines_to_package" time="0.056" /><testcase classname="tests.test_subcontractor_flow.TestPhase2_PackageLines" name="test_p2_over_allocation_returns_400" time="0.214" /><testcase classname="tests.test_subcontractor_flow.TestPhase2_PackageLines" name="test_p2_delete_draft_line" time="0.049" /><testcase classname="tests.test_subcontractor_flow.TestPhase2_PackageLines" name="test_p2_add_line_with_subcontract_price" time="0.054" /><testcase classname="tests.test_subcontractor_flow.TestPhase1_PackageConfirmAndClose" name="test_p1_confirm_package_with_lines" time="0.051" /><testcase classname="tests.test_subcontractor_flow.TestPhase1_PackageConfirmAndClose" name="test_p1_cannot_add_lines_to_confirmed_package" time="0.050" /><testcase classname="tests.test_subcontractor_flow.TestPhase3_SubcontractorActs" name="test_p3_create_draft_act" time="0.052" /><testcase classname="tests.test_subcontractor_flow.TestPhase3_SubcontractorActs" name="test_p3_certification_qty_exceeds_remaining_returns_400" time="0.055" /><testcase classname="tests.test_subcontractor_flow.TestPhase3_SubcontractorActs" name="test_p3_confirm_act_updates_package_totals" time="0.103" /><testcase classname="tests.test_subcontractor_flow.TestPhase3_SubcontractorActs" name="test_p3_package_status_transition" time="0.049" /><testcase classname="tests.test_subcontractor_flow.TestPhase4_Payments" name="test_p4_create_payment" time="0.052" /><testcase classname="tests.test_subcontractor_flow.TestPhase4_Payments" name="test_p4_payable_total_calculation" time="0.052" /><testcase classname="tests.test_subcontractor_flow.TestPhase4_Payments" name="test_p4_list_payments" time="0.055" /><testcase classname="tests.test_subcontractor_flow.TestPhase5_ProfitIntegration" name="test_p5_project_profit_includes_subcontract_detail" time="0.058" /><testcase classname="tests.test_subcontractor_flow.TestPhase5_ProfitIntegration" name="test_p5_metrics_available_subcontract_cost" time="0.054" /><testcase classname="tests.test_subcontractor_flow.TestPhase1_PackageClose" name="test_p1_close_package_on_confirmed" time="0.052" /><testcase classname="tests.test_subcontractor_flow.TestPhase1_PackageClose" name="test_p1_cannot_close_draft_package" time="0.105" /><testcase classname="tests.test_subcontractor_flow.TestLinesFromOffer" name="test_p2_lines_from_offer" time="0.109" /><testcase classname="tests.test_subcontractor_flow.TestEdgeCases" name="test_package_not_found" time="0.052" /><testcase classname="tests.test_subcontractor_flow.TestEdgeCases" name="test_subcontractor_not_found" time="0.050" /><testcase classname="tests.test_subcontractor_flow.TestEdgeCases" name="test_act_on_draft_package_fails" time="0.095" /><testcase classname="tests.test_subcontractor_flow.TestEdgeCases" name="test_payment_zero_amount_fails" time="0.049" /></testsuite></testsuites>