<?xml version="1.0" encoding="utf-8"?><testsuites name="pytest tests"><testsuite name="pytest" errors="0" failures="0" skipped="0" tests="12" time="2.737" timestamp="2026-04-15T13:59:00.787735+00:00" hostname="agent-env-9352da7d-3b66-4ec7-9e3e-c08500b638f0"><testcase classname="tests.test_sub_projects.TestSubProjectCreation" name="test_get_project_with_existing_subs" time="1.539" /><testcase classname="tests.test_sub_projects.TestSubProjectCreation" name="test_get_project_dashboard_with_subs" time="0.077" /><testcase classname="tests.test_sub_projects.TestSubProjectCreation" name="test_sub_project_codes_follow_pattern" time="0.067" /><testcase classname="tests.test_sub_projects.TestSubProjectCreation" name="test_subsequent_sub_project_creation" time="0.232" /><testcase classname="tests.test_sub_projects.TestAggregateEndpoint" name="test_aggregate_returns_per_child_breakdowns" time="0.082" /><testcase classname="tests.test_sub_projects.TestAggregateEndpoint" name="test_aggregate_totals" time="0.072" /><testcase classname="tests.test_sub_projects.TestAggregateEndpoint" name="test_aggregate_for_project_without_children" time="0.068" /><testcase classname="tests.test_sub_projects.TestChildProjectInheritance" name="test_child_inherits_client_data" time="0.071" /><testcase classname="tests.test_sub_projects.TestChildProjectInheritance" name="test_child_shows_parent_badge" time="0.137" /><testcase classname="tests.test_sub_projects.TestSubProjectValidation" name="test_cannot_create_nested_sub_projects" time="0.125" /><testcase classname="tests.test_sub_projects.TestFirstSplitMigration" name="test_first_split_creates_two_children" time="0.067" /><testcase classname="tests.test_sub_projects.TestCleanup" name="test_cleanup_test_sub_projects" time="0.130" /></testsuite></testsuites>