<?xml version="1.0" encoding="utf-8"?><testsuites name="pytest tests"><testsuite name="pytest" errors="0" failures="0" skipped="0" tests="19" time="2.898" timestamp="2026-03-09T21:43:53.555681+00:00" hostname="agent-env-9352da7d-3b66-4ec7-9e3e-c08500b638f0"><testcase classname="tests.test_employee_detail.TestEmployeeListEndpoint" name="test_list_employees_returns_200" time="1.470" /><testcase classname="tests.test_employee_detail.TestEmployeeListEndpoint" name="test_list_employees_has_profile_field" time="0.073" /><testcase classname="tests.test_employee_detail.TestEmployeeDashboardEndpoint" name="test_dashboard_returns_200_for_tech1" time="0.070" /><testcase classname="tests.test_employee_detail.TestEmployeeDashboardEndpoint" name="test_dashboard_contains_employee_data" time="0.071" /><testcase classname="tests.test_employee_detail.TestEmployeeDashboardEndpoint" name="test_dashboard_contains_profile" time="0.087" /><testcase classname="tests.test_employee_detail.TestEmployeeDashboardEndpoint" name="test_dashboard_contains_attendance" time="0.070" /><testcase classname="tests.test_employee_detail.TestEmployeeDashboardEndpoint" name="test_dashboard_contains_project_history" time="0.066" /><testcase classname="tests.test_employee_detail.TestEmployeeDashboardEndpoint" name="test_dashboard_contains_hours_summary" time="0.069" /><testcase classname="tests.test_employee_detail.TestEmployeeDashboardEndpoint" name="test_dashboard_contains_payslips" time="0.085" /><testcase classname="tests.test_employee_detail.TestEmployeeDashboardEndpoint" name="test_dashboard_404_for_unknown_user" time="0.080" /><testcase classname="tests.test_employee_detail.TestEmployeeCalendarEndpoint" name="test_calendar_returns_200" time="0.064" /><testcase classname="tests.test_employee_detail.TestEmployeeCalendarEndpoint" name="test_calendar_contains_month_field" time="0.059" /><testcase classname="tests.test_employee_detail.TestEmployeeCalendarEndpoint" name="test_calendar_contains_days_array" time="0.075" /><testcase classname="tests.test_employee_detail.TestEmployeeCalendarEndpoint" name="test_calendar_contains_totals" time="0.070" /><testcase classname="tests.test_employee_detail.TestEmployeeCalendarEndpoint" name="test_calendar_supports_month_parameter" time="0.126" /><testcase classname="tests.test_employee_detail.TestEmployeeCalendarEndpoint" name="test_calendar_default_to_current_month" time="0.059" /><testcase classname="tests.test_employee_detail.TestEmployeeCalendarEndpoint" name="test_calendar_returns_empty_for_unknown_user" time="0.062" /><testcase classname="tests.test_employee_detail.TestEmployeeDetailSingleEndpoint" name="test_employee_detail_returns_200" time="0.103" /><testcase classname="tests.test_employee_detail.TestEmployeeDetailSingleEndpoint" name="test_employee_detail_contains_user_and_profile" time="0.067" /></testsuite></testsuites>