<?xml version="1.0" encoding="utf-8"?><testsuites name="pytest tests"><testsuite name="pytest" errors="0" failures="0" skipped="0" tests="20" time="4.019" timestamp="2026-03-09T12:08:25.581364+00:00" hostname="agent-env-9352da7d-3b66-4ec7-9e3e-c08500b638f0"><testcase classname="tests.test_procurement.TestMaterialRequests" name="test_create_material_request" time="1.419" /><testcase classname="tests.test_procurement.TestMaterialRequests" name="test_list_material_requests" time="0.150" /><testcase classname="tests.test_procurement.TestMaterialRequests" name="test_get_single_material_request" time="0.157" /><testcase classname="tests.test_procurement.TestMaterialRequests" name="test_update_material_request" time="0.151" /><testcase classname="tests.test_procurement.TestMaterialRequests" name="test_submit_material_request" time="0.109" /><testcase classname="tests.test_procurement.TestMaterialRequestFromOffer" name="test_create_offer_for_mr_test" time="0.129" /><testcase classname="tests.test_procurement.TestMaterialRequestFromOffer" name="test_send_offer_to_make_it_sent" time="0.137" /><testcase classname="tests.test_procurement.TestMaterialRequestFromOffer" name="test_accept_offer" time="0.119" /><testcase classname="tests.test_procurement.TestMaterialRequestFromOffer" name="test_create_mr_from_offer" time="0.119" /><testcase classname="tests.test_procurement.TestSupplierInvoices" name="test_create_supplier_invoice" time="0.112" /><testcase classname="tests.test_procurement.TestSupplierInvoices" name="test_list_supplier_invoices" time="0.101" /><testcase classname="tests.test_procurement.TestSupplierInvoices" name="test_get_single_invoice" time="0.105" /><testcase classname="tests.test_procurement.TestSupplierInvoices" name="test_update_invoice_with_lines_sets_reviewed" time="0.107" /><testcase classname="tests.test_procurement.TestPostToWarehouse" name="test_create_and_review_invoice_for_posting" time="0.211" /><testcase classname="tests.test_procurement.TestPostToWarehouse" name="test_post_invoice_to_warehouse" time="0.128" /><testcase classname="tests.test_procurement.TestPostToWarehouse" name="test_cannot_post_same_invoice_twice" time="0.137" /><testcase classname="tests.test_procurement.TestPostToWarehouse" name="test_invoice_marked_as_posted" time="0.110" /><testcase classname="tests.test_procurement.TestWarehouseTransactions" name="test_list_warehouse_transactions" time="0.138" /><testcase classname="tests.test_procurement.TestWarehouseTransactions" name="test_warehouse_transaction_has_links" time="0.101" /><testcase classname="tests.test_procurement.TestCleanup" name="test_cleanup_test_data" time="0.202" /></testsuite></testsuites>