<?xml version="1.0" encoding="utf-8"?><testsuites name="pytest tests"><testsuite name="pytest" errors="0" failures="0" skipped="0" tests="17" time="3.479" timestamp="2026-03-13T16:30:23.665902+00:00" hostname="agent-env-9352da7d-3b66-4ec7-9e3e-c08500b638f0"><testcase classname="tests.test_project_operations_page.TestSubcontractors" name="test_list_subcontractors" time="1.551" /><testcase classname="tests.test_project_operations_page.TestSubcontractors" name="test_create_subcontractor" time="0.073" /><testcase classname="tests.test_project_operations_page.TestSubcontractorPackages" name="test_list_packages_by_project" time="0.075" /><testcase classname="tests.test_project_operations_page.TestSubcontractorPackages" name="test_create_package" time="0.152" /><testcase classname="tests.test_project_operations_page.TestSubcontractorPackages" name="test_confirm_package_requires_lines" time="0.588" /><testcase classname="tests.test_project_operations_page.TestSubcontractorPayments" name="test_list_payments_by_project" time="0.057" /><testcase classname="tests.test_project_operations_page.TestSubcontractorPayments" name="test_create_payment_requires_valid_package" time="0.085" /><testcase classname="tests.test_project_operations_page.TestClientActs" name="test_list_client_acts_by_project" time="0.052" /><testcase classname="tests.test_project_operations_page.TestClientActs" name="test_create_client_act" time="0.070" /><testcase classname="tests.test_project_operations_page.TestClientActs" name="test_confirm_client_act_changes_status" time="0.136" /><testcase classname="tests.test_project_operations_page.TestCreateActFromOffer" name="test_get_offers_for_project" time="0.072" /><testcase classname="tests.test_project_operations_page.TestRevenueSnapshots" name="test_list_revenue_snapshots_by_project" time="0.055" /><testcase classname="tests.test_project_operations_page.TestRevenueSnapshots" name="test_create_snapshot_from_offer" time="0.147" /><testcase classname="tests.test_project_operations_page.TestOverhead" name="test_list_overhead_snapshots" time="0.068" /><testcase classname="tests.test_project_operations_page.TestOverhead" name="test_overhead_allocation_endpoint" time="0.059" /><testcase classname="tests.test_project_operations_page.TestOverheadAllocationCompute" name="test_compute_allocation_for_project" time="0.064" /><testcase classname="tests.test_project_operations_page.TestSubcontractorActs" name="test_list_subcontractor_acts_by_project" time="0.061" /></testsuite></testsuites>