<?xml version="1.0" encoding="utf-8"?><testsuites name="pytest tests"><testsuite name="pytest" errors="0" failures="0" skipped="0" tests="18" time="3.764" timestamp="2026-04-11T14:56:39.180705+00:00" hostname="agent-env-9352da7d-3b66-4ec7-9e3e-c08500b638f0"><testcase classname="tests.test_paid_labor_financial_results.TestFinancialResultsLaborField" name="test_financial_results_includes_labor_field" time="1.555" /><testcase classname="tests.test_paid_labor_financial_results.TestFinancialResultsLaborField" name="test_labor_reported_labor_value_from_work_sessions" time="0.118" /><testcase classname="tests.test_paid_labor_financial_results.TestFinancialResultsLaborField" name="test_labor_paid_labor_expense_from_allocations" time="0.162" /><testcase classname="tests.test_paid_labor_financial_results.TestFinancialResultsLaborField" name="test_labor_expense_basis_is_paid_when_allocations_exist" time="0.154" /><testcase classname="tests.test_paid_labor_financial_results.TestCashResultWithPaidLabor" name="test_cash_out_uses_paid_labor_expense" time="0.115" /><testcase classname="tests.test_paid_labor_financial_results.TestCashResultWithPaidLabor" name="test_cash_balance_calculation" time="0.151" /><testcase classname="tests.test_paid_labor_financial_results.TestWarnings" name="test_warning_when_paid_labor_no_reported" time="0.124" /><testcase classname="tests.test_paid_labor_financial_results.TestWarnings" name="test_warning_when_unpaid_approved_labor_exists" time="0.121" /><testcase classname="tests.test_paid_labor_financial_results.TestIdempotencyGuard" name="test_repay_paid_batch_returns_400" time="0.121" /><testcase classname="tests.test_paid_labor_financial_results.TestIdempotencyGuard" name="test_batch_with_existing_allocations_returns_409" time="0.111" /><testcase classname="tests.test_paid_labor_financial_results.TestProjectPaidLaborEndpoint" name="test_get_project_paid_labor" time="0.122" /><testcase classname="tests.test_paid_labor_financial_results.TestProjectPaidLaborEndpoint" name="test_paid_labor_by_worker_breakdown" time="0.147" /><testcase classname="tests.test_paid_labor_financial_results.TestBatchAllocationsEndpoint" name="test_get_batch_allocations" time="0.110" /><testcase classname="tests.test_paid_labor_financial_results.TestBatchAllocationsEndpoint" name="test_allocations_grouped_by_project" time="0.115" /><testcase classname="tests.test_paid_labor_financial_results.TestFinancialResultsStructure" name="test_financial_results_complete_structure" time="0.131" /><testcase classname="tests.test_paid_labor_financial_results.TestNoRegressionOtherEndpoints" name="test_payroll_batch_list_works" time="0.112" /><testcase classname="tests.test_paid_labor_financial_results.TestNoRegressionOtherEndpoints" name="test_payroll_batch_detail_works" time="0.110" /><testcase classname="tests.test_paid_labor_financial_results.TestNoRegressionOtherEndpoints" name="test_payroll_eligible_works" time="0.111" /></testsuite></testsuites>