<?xml version="1.0" encoding="utf-8"?><testsuites name="pytest tests"><testsuite name="pytest" errors="0" failures="0" skipped="0" tests="20" time="4.162" timestamp="2026-04-15T10:44:54.520736+00:00" hostname="agent-env-9352da7d-3b66-4ec7-9e3e-c08500b638f0"><testcase classname="tests.test_finance_revenue_split.TestFinancialResultsAPI" name="test_financial_results_returns_200" time="1.557" /><testcase classname="tests.test_finance_revenue_split.TestFinancialResultsAPI" name="test_financial_results_has_operating_section" time="0.125" /><testcase classname="tests.test_finance_revenue_split.TestFinancialResultsAPI" name="test_operating_has_earned_revenue_cash_basis" time="0.165" /><testcase classname="tests.test_finance_revenue_split.TestFinancialResultsAPI" name="test_operating_has_invoiced_revenue_accrual" time="0.116" /><testcase classname="tests.test_finance_revenue_split.TestFinancialResultsAPI" name="test_operating_has_revenue_mode_cash" time="0.119" /><testcase classname="tests.test_finance_revenue_split.TestFinancialResultsAPI" name="test_earned_revenue_vs_invoiced_revenue_logic" time="0.147" /><testcase classname="tests.test_finance_revenue_split.TestFinancialResultsAPI" name="test_financial_results_has_cash_section" time="0.108" /><testcase classname="tests.test_finance_revenue_split.TestFinancialResultsAPI" name="test_financial_results_has_fully_loaded_section" time="0.183" /><testcase classname="tests.test_finance_revenue_split.TestDashboardInvoicesAPI" name="test_dashboard_returns_200" time="0.119" /><testcase classname="tests.test_finance_revenue_split.TestDashboardInvoicesAPI" name="test_dashboard_has_invoices_section" time="0.112" /><testcase classname="tests.test_finance_revenue_split.TestDashboardInvoicesAPI" name="test_invoices_has_list" time="0.119" /><testcase classname="tests.test_finance_revenue_split.TestDashboardInvoicesAPI" name="test_invoices_has_totals" time="0.123" /><testcase classname="tests.test_finance_revenue_split.TestDashboardInvoicesAPI" name="test_invoice_has_payments_array" time="0.123" /><testcase classname="tests.test_finance_revenue_split.TestDashboardInvoicesAPI" name="test_invoice_has_breakdown_fields" time="0.118" /><testcase classname="tests.test_finance_revenue_split.TestDashboardInvoicesAPI" name="test_payment_has_required_fields" time="0.116" /><testcase classname="tests.test_finance_revenue_split.TestDashboardBalanceCard" name="test_dashboard_has_balance_section" time="0.119" /><testcase classname="tests.test_finance_revenue_split.TestDashboardBalanceCard" name="test_balance_income_equals_paid_invoices" time="0.227" /><testcase classname="tests.test_finance_revenue_split.TestSpecificProjectData" name="test_project_has_invoice_inv_1007" time="0.116" /><testcase classname="tests.test_finance_revenue_split.TestSpecificProjectData" name="test_inv_1007_has_payment_allocation" time="0.110" /><testcase classname="tests.test_finance_revenue_split.TestSpecificProjectData" name="test_inv_1007_payment_method_bank_transfer" time="0.120" /></testsuite></testsuites>