<?xml version="1.0" encoding="utf-8"?><testsuites name="pytest tests"><testsuite name="pytest" errors="0" failures="0" skipped="0" tests="16" time="11.008" timestamp="2026-03-08T21:42:28.966839+00:00" hostname="agent-env-9352da7d-3b66-4ec7-9e3e-c08500b638f0"><testcase classname="tests.test_ai_calibration.TestRecordEditEndpoint" name="test_record_edit_basic" time="1.435" /><testcase classname="tests.test_ai_calibration.TestRecordEditEndpoint" name="test_record_edit_unchanged" time="0.066" /><testcase classname="tests.test_ai_calibration.TestRecordEditEndpoint" name="test_record_edit_outlier_skipped" time="0.068" /><testcase classname="tests.test_ai_calibration.TestRecordEditEndpoint" name="test_record_edit_small_qty_flag" time="0.054" /><testcase classname="tests.test_ai_calibration.TestOverviewEndpoint" name="test_overview_returns_stats" time="0.343" /><testcase classname="tests.test_ai_calibration.TestOverviewEndpoint" name="test_overview_top_categories_structure" time="0.061" /><testcase classname="tests.test_ai_calibration.TestCategoriesEndpoint" name="test_categories_returns_list" time="0.065" /><testcase classname="tests.test_ai_calibration.TestCategoriesEndpoint" name="test_categories_min_sample_statuses" time="0.053" /><testcase classname="tests.test_ai_calibration.TestCategoriesEndpoint" name="test_categories_city_filter" time="0.071" /><testcase classname="tests.test_ai_calibration.TestCategoriesEndpoint" name="test_categories_fields_complete" time="0.062" /><testcase classname="tests.test_ai_calibration.TestApproveEndpoint" name="test_approve_calibration" time="0.054" /><testcase classname="tests.test_ai_calibration.TestApproveEndpoint" name="test_approve_upsert_updates_existing" time="0.244" /><testcase classname="tests.test_ai_calibration.TestApprovedCalibrations" name="test_list_approved_calibrations" time="0.049" /><testcase classname="tests.test_ai_calibration.TestCalibrationAppliedInProposal" name="test_proposal_with_calibration" time="8.185" /><testcase classname="tests.test_ai_calibration.TestAdminOnlyAccess" name="test_overview_requires_admin" time="0.076" /><testcase classname="tests.test_ai_calibration.TestAdminOnlyAccess" name="test_categories_requires_admin" time="0.055" /></testsuite></testsuites>