<?xml version="1.0" encoding="utf-8"?><testsuites name="pytest tests"><testsuite name="pytest" errors="0" failures="0" skipped="0" tests="9" time="5.077" timestamp="2026-03-10T18:54:36.175971+00:00" hostname="agent-env-9352da7d-3b66-4ec7-9e3e-c08500b638f0"><testcase classname="tests.test_p0_recovery_hr_rates.TestP0Recovery" name="test_get_hourly_rates_source_organization" time="1.398" /><testcase classname="tests.test_p0_recovery_hr_rates.TestP0Recovery" name="test_save_hourly_rates" time="0.527" /><testcase classname="tests.test_p0_recovery_hr_rates.TestP0Recovery" name="test_ai_proposal_uses_org_rates" time="0.477" /><testcase classname="tests.test_p0_recovery_hr_rates.TestP0Recovery" name="test_ai_proposal_eur_currency" time="0.441" /><testcase classname="tests.test_p0_recovery_hr_rates.TestP0Recovery" name="test_get_employees" time="0.384" /><testcase classname="tests.test_p0_recovery_hr_rates.TestP0Recovery" name="test_get_payroll_runs" time="0.528" /><testcase classname="tests.test_p0_recovery_hr_rates.TestP0Recovery" name="test_get_historical_analytics" time="0.425" /><testcase classname="tests.test_p0_recovery_hr_rates.TestP0Recovery" name="test_get_advances" time="0.408" /><testcase classname="tests.test_p0_recovery_hr_rates.TestP0Recovery" name="test_org_rates_persistence" time="0.425" /></testsuite></testsuites>