<?xml version="1.0" encoding="utf-8"?><testsuites name="pytest tests"><testsuite name="pytest" errors="0" failures="0" skipped="0" tests="16" time="3.881" timestamp="2026-03-09T12:23:23.461545+00:00" hostname="agent-env-9352da7d-3b66-4ec7-9e3e-c08500b638f0"><testcase classname="tests.test_warehouse_material_ledger.TestWarehouseAndMaterialLedger" name="test_get_warehouse_stock_success" time="1.506" /><testcase classname="tests.test_warehouse_material_ledger.TestWarehouseAndMaterialLedger" name="test_get_warehouse_stock_returns_positive_quantities" time="0.111" /><testcase classname="tests.test_warehouse_material_ledger.TestWarehouseAndMaterialLedger" name="test_warehouse_issue_success" time="0.228" /><testcase classname="tests.test_warehouse_material_ledger.TestWarehouseAndMaterialLedger" name="test_warehouse_issue_insufficient_stock_returns_400" time="0.119" /><testcase classname="tests.test_warehouse_material_ledger.TestWarehouseAndMaterialLedger" name="test_warehouse_issue_requires_project_id" time="0.102" /><testcase classname="tests.test_warehouse_material_ledger.TestWarehouseAndMaterialLedger" name="test_warehouse_issue_requires_lines" time="0.178" /><testcase classname="tests.test_warehouse_material_ledger.TestWarehouseAndMaterialLedger" name="test_project_consumption_success" time="0.237" /><testcase classname="tests.test_warehouse_material_ledger.TestWarehouseAndMaterialLedger" name="test_project_consumption_validates_remaining" time="0.102" /><testcase classname="tests.test_warehouse_material_ledger.TestWarehouseAndMaterialLedger" name="test_project_consumption_requires_project_id" time="0.112" /><testcase classname="tests.test_warehouse_material_ledger.TestWarehouseAndMaterialLedger" name="test_warehouse_return_success" time="0.220" /><testcase classname="tests.test_warehouse_material_ledger.TestWarehouseAndMaterialLedger" name="test_warehouse_return_validates_remaining" time="0.100" /><testcase classname="tests.test_warehouse_material_ledger.TestWarehouseAndMaterialLedger" name="test_project_material_ledger_success" time="0.104" /><testcase classname="tests.test_warehouse_material_ledger.TestWarehouseAndMaterialLedger" name="test_project_material_ledger_has_warnings" time="0.108" /><testcase classname="tests.test_warehouse_material_ledger.TestWarehouseAndMaterialLedger" name="test_project_material_ledger_remaining_calculation" time="0.097" /><testcase classname="tests.test_warehouse_material_ledger.TestWarehouseAndMaterialLedger" name="test_project_material_ledger_404_invalid_project" time="0.152" /><testcase classname="tests.test_warehouse_material_ledger.TestWarehouseAndMaterialLedger" name="test_stock_computation_after_operations" time="0.336" /></testsuite></testsuites>