<?xml version="1.0" encoding="utf-8"?><testsuites name="pytest tests"><testsuite name="pytest" errors="0" failures="0" skipped="0" tests="14" time="212.051" timestamp="2026-03-08T19:20:35.736408+00:00" hostname="agent-env-9352da7d-3b66-4ec7-9e3e-c08500b638f0"><testcase classname="tests.test_invoice_workflow_p0.TestInvoicePDFExport" name="test_pdf_endpoint_returns_pdf" time="1.811" /><testcase classname="tests.test_invoice_workflow_p0.TestInvoicePDFExport" name="test_pdf_404_for_invalid_invoice" time="0.493" /><testcase classname="tests.test_invoice_workflow_p0.TestInvoiceEditingRules" name="test_edit_sent_invoice_allowed" time="0.784" /><testcase classname="tests.test_invoice_workflow_p0.TestInvoiceEditingRules" name="test_edit_partiallypaid_invoice_allowed" time="0.904" /><testcase classname="tests.test_invoice_workflow_p0.TestInvoiceEditingRules" name="test_edit_partiallypaid_invoice_lines_recalculates_remaining" time="0.813" /><testcase classname="tests.test_invoice_workflow_p0.TestInvoiceEditingRules" name="test_edit_paid_invoice_blocked" time="0.914" /><testcase classname="tests.test_invoice_workflow_p0.TestInvoiceEditingRules" name="test_edit_cancelled_invoice_blocked" time="0.838" /><testcase classname="tests.test_invoice_workflow_p0.TestProjectDashboardFinancials" name="test_dashboard_returns_correct_paid_unpaid_totals" time="1.062" /><testcase classname="tests.test_invoice_workflow_p0.TestProjectDashboardFinancials" name="test_full_payment_reflects_in_project_financials" time="1.011" /><testcase classname="tests.test_invoice_workflow_p0.TestProjectDashboardFinancials" name="test_payment_removal_updates_project_financials" time="1.029" /><testcase classname="tests.test_invoice_workflow_p0.TestInvoiceTableColumns" name="test_dashboard_invoices_have_correct_fields" time="0.938" /><testcase classname="tests.test_invoice_workflow_p0.TestStatusConsistency" name="test_partiallypaid_shows_correct_amounts" time="1.039" /><testcase classname="tests.test_invoice_workflow_p0.TestStatusConsistency" name="test_paid_invoice_shows_zero_remaining" time="1.079" /><testcase classname="tests.test_invoice_workflow_p0.TestCleanup" name="test_cleanup_test_data" time="199.221" /></testsuite></testsuites>