<?xml version="1.0" encoding="utf-8"?><testsuites name="pytest tests"><testsuite name="pytest" errors="0" failures="0" skipped="0" tests="8" time="4.889" timestamp="2026-03-11T06:20:59.288356+00:00" hostname="agent-env-9352da7d-3b66-4ec7-9e3e-c08500b638f0"><testcase classname="tests.test_hr_position_akord.TestHRPositionAkordFeatures" name="test_employee_profile_accepts_position" time="1.520" /><testcase classname="tests.test_hr_position_akord.TestHRPositionAkordFeatures" name="test_employee_profile_accepts_akord_note" time="0.516" /><testcase classname="tests.test_hr_position_akord.TestHRPositionAkordFeatures" name="test_update_employee_profile_position" time="0.436" /><testcase classname="tests.test_hr_position_akord.TestHRPositionAkordFeatures" name="test_update_basic_with_avatar_url" time="0.528" /><testcase classname="tests.test_hr_position_akord.TestHRPositionAkordFeatures" name="test_payroll_enums_pay_types" time="0.516" /><testcase classname="tests.test_hr_position_akord.TestHRPositionAkordFeatures" name="test_employee_dashboard_includes_position" time="0.491" /><testcase classname="tests.test_hr_position_akord.TestHRPositionAkordFeatures" name="test_list_employees_includes_position" time="0.444" /><testcase classname="tests.test_hr_position_akord.TestCleanup" name="test_verify_api_health" time="0.374" /></testsuite></testsuites>