<?xml version="1.0" encoding="utf-8"?><testsuites name="pytest tests"><testsuite name="pytest" errors="0" failures="0" skipped="0" tests="19" time="3.389" timestamp="2026-03-12T04:53:00.248616+00:00" hostname="agent-env-9352da7d-3b66-4ec7-9e3e-c08500b638f0"><testcase classname="tests.test_materials_baseline.TestPhase1PlannedMaterials" name="test_01_delete_existing_planned_materials" time="0.510" /><testcase classname="tests.test_materials_baseline.TestPhase1PlannedMaterials" name="test_02_generate_planned_materials_from_offer" time="0.056" /><testcase classname="tests.test_materials_baseline.TestPhase1PlannedMaterials" name="test_03_duplicate_protection_returns_400" time="0.060" /><testcase classname="tests.test_materials_baseline.TestPhase1PlannedMaterials" name="test_04_list_planned_materials_by_project" time="0.074" /><testcase classname="tests.test_materials_baseline.TestPhase1PlannedMaterials" name="test_05_list_planned_materials_by_offer" time="0.055" /><testcase classname="tests.test_materials_baseline.TestPhase1PlannedMaterials" name="test_06_delete_and_regenerate_flow" time="0.176" /><testcase classname="tests.test_materials_baseline.TestPhase2Coverage" name="test_01_get_material_coverage" time="0.446" /><testcase classname="tests.test_materials_baseline.TestPhase2Coverage" name="test_02_coverage_rows_have_enriched_fields" time="0.054" /><testcase classname="tests.test_materials_baseline.TestPhase2Coverage" name="test_03_coverage_summary_structure" time="0.063" /><testcase classname="tests.test_materials_baseline.TestPhase2Coverage" name="test_04_empty_project_coverage" time="0.061" /><testcase classname="tests.test_materials_baseline.TestPhase4Summary" name="test_01_get_project_material_summary" time="0.438" /><testcase classname="tests.test_materials_baseline.TestPhase4Summary" name="test_02_summary_planned_section" time="0.054" /><testcase classname="tests.test_materials_baseline.TestPhase4Summary" name="test_03_summary_actual_section" time="0.069" /><testcase classname="tests.test_materials_baseline.TestPhase4Summary" name="test_04_summary_variance_section" time="0.060" /><testcase classname="tests.test_materials_baseline.TestPhase4Summary" name="test_05_summary_metrics_available_flags" time="0.055" /><testcase classname="tests.test_materials_baseline.TestPhase4Summary" name="test_06_nonexistent_project_returns_404" time="0.058" /><testcase classname="tests.test_materials_baseline.TestEdgeCases" name="test_01_generate_from_nonexistent_offer" time="0.449" /><testcase classname="tests.test_materials_baseline.TestEdgeCases" name="test_02_delete_nonexistent_offer_materials" time="0.062" /><testcase classname="tests.test_materials_baseline.TestDataIntegrity" name="test_final_state_verification" time="0.500" /></testsuite></testsuites>