<?xml version="1.0" encoding="utf-8"?><testsuites name="pytest tests"><testsuite name="pytest" errors="0" failures="0" skipped="0" tests="13" time="3.524" timestamp="2026-04-07T17:00:19.939879+00:00" hostname="agent-env-9352da7d-3b66-4ec7-9e3e-c08500b638f0"><testcase classname="tests.test_missing_smr" name="test_create_missing_smr" time="1.745" /><testcase classname="tests.test_missing_smr" name="test_list_missing_smr" time="0.251" /><testcase classname="tests.test_missing_smr" name="test_list_filter_by_status" time="0.139" /><testcase classname="tests.test_missing_smr" name="test_list_filter_by_floor" time="0.117" /><testcase classname="tests.test_missing_smr" name="test_get_missing_smr" time="0.160" /><testcase classname="tests.test_missing_smr" name="test_update_missing_smr" time="0.167" /><testcase classname="tests.test_missing_smr" name="test_status_draft_to_reported" time="0.113" /><testcase classname="tests.test_missing_smr" name="test_status_reported_to_reviewed" time="0.124" /><testcase classname="tests.test_missing_smr" name="test_invalid_status_transition" time="0.127" /><testcase classname="tests.test_missing_smr" name="test_bridge_to_analysis" time="0.136" /><testcase classname="tests.test_missing_smr" name="test_bridge_to_offer" time="0.125" /><testcase classname="tests.test_missing_smr" name="test_cannot_delete_non_draft" time="0.122" /><testcase classname="tests.test_missing_smr" name="test_not_found" time="0.130" /></testsuite></testsuites>