<?xml version="1.0" encoding="utf-8"?><testsuites name="pytest tests"><testsuite name="pytest" errors="0" failures="0" skipped="0" tests="8" time="4.125" timestamp="2026-04-11T10:57:19.574205+00:00" hostname="agent-env-9352da7d-3b66-4ec7-9e3e-c08500b638f0"><testcase classname="tests.test_admin_field_mode" name="test_admin_sees_all_sites" time="1.672" /><testcase classname="tests.test_admin_field_mode" name="test_technician_sees_limited_sites" time="0.583" /><testcase classname="tests.test_admin_field_mode" name="test_admin_daily_report_audit_markers" time="0.329" /><testcase classname="tests.test_admin_field_mode" name="test_technician_daily_report_audit_markers" time="0.328" /><testcase classname="tests.test_admin_field_mode" name="test_approve_propagates_audit_markers" time="0.337" /><testcase classname="tests.test_admin_field_mode" name="test_role_based_site_access" time="0.240" /><testcase classname="tests.test_admin_field_mode" name="test_technician_cannot_access_admin_endpoints" time="0.307" /><testcase classname="tests.test_admin_field_mode" name="test_site_detail_access" time="0.253" /></testsuite></testsuites>