<?xml version="1.0" encoding="utf-8"?><testsuites name="pytest tests"><testsuite name="pytest" errors="0" failures="0" skipped="0" tests="14" time="111.524" timestamp="2026-03-08T21:24:29.300277+00:00" hostname="agent-env-9352da7d-3b66-4ec7-9e3e-c08500b638f0"><testcase classname="tests.test_hybrid_ai_proposal.TestHybridAIProposalLLM" name="test_ai_proposal_returns_llm_provider" time="10.868" /><testcase classname="tests.test_hybrid_ai_proposal.TestHybridAIProposalLLM" name="test_ai_proposal_sofia_city_factor_1_15" time="6.305" /><testcase classname="tests.test_hybrid_ai_proposal.TestHybridAIProposalLLM" name="test_ai_proposal_plovdiv_city_factor_1_00" time="7.424" /><testcase classname="tests.test_hybrid_ai_proposal.TestHybridAIProposalLLM" name="test_ai_proposal_returns_explanation" time="7.596" /><testcase classname="tests.test_hybrid_ai_proposal.TestHybridAIProposalLLM" name="test_ai_proposal_materials_have_reason" time="8.048" /><testcase classname="tests.test_hybrid_ai_proposal.TestHybridAIProposalLLM" name="test_ai_proposal_unknown_text_handled_by_llm" time="7.090" /><testcase classname="tests.test_hybrid_ai_proposal.TestApplyAIStoresProviderFields" name="test_apply_ai_stores_provider_used" time="6.728" /><testcase classname="tests.test_hybrid_ai_proposal.TestApplyAIStoresProviderFields" name="test_apply_ai_stores_confidence" time="8.163" /><testcase classname="tests.test_hybrid_ai_proposal.TestApplyAIStoresProviderFields" name="test_apply_ai_stores_raw_response_summary" time="6.839" /><testcase classname="tests.test_hybrid_ai_proposal.TestApplyAIStoresProviderFields" name="test_apply_ai_with_city_stores_pricing" time="7.086" /><testcase classname="tests.test_hybrid_ai_proposal.TestCityPricingFactors" name="test_city_factor_varna_1_05" time="7.325" /><testcase classname="tests.test_hybrid_ai_proposal.TestCityPricingFactors" name="test_city_factor_burgas_1_02" time="9.366" /><testcase classname="tests.test_hybrid_ai_proposal.TestCityPricingFactors" name="test_city_factor_unknown_city_defaults_to_1" time="11.743" /><testcase classname="tests.test_hybrid_ai_proposal.TestCityPricingFactors" name="test_no_city_parameter_no_factor" time="6.862" /></testsuite></testsuites>