<?xml version="1.0" encoding="utf-8"?><testsuites name="pytest tests"><testsuite name="pytest" errors="0" failures="0" skipped="0" tests="16" time="5.255" timestamp="2026-03-09T19:00:11.578789+00:00" hostname="agent-env-9352da7d-3b66-4ec7-9e3e-c08500b638f0"><testcase classname="tests.test_offer_import_export.TestOfferPDFExport" name="test_pdf_export_returns_valid_pdf" time="1.877" /><testcase classname="tests.test_offer_import_export.TestOfferPDFExport" name="test_pdf_export_nonexistent_offer" time="0.127" /><testcase classname="tests.test_offer_import_export.TestOfferPDFExport" name="test_pdf_export_unauthorized" time="0.113" /><testcase classname="tests.test_offer_import_export.TestOfferXLSXExport" name="test_xlsx_export_returns_valid_xlsx" time="0.340" /><testcase classname="tests.test_offer_import_export.TestOfferXLSXExport" name="test_xlsx_export_nonexistent_offer" time="0.137" /><testcase classname="tests.test_offer_import_export.TestOfferImportTemplate" name="test_import_template_download" time="0.248" /><testcase classname="tests.test_offer_import_export.TestOfferImportTemplate" name="test_import_template_has_content" time="0.118" /><testcase classname="tests.test_offer_import_export.TestOfferImportPreview" name="test_import_preview_with_valid_xlsx" time="0.275" /><testcase classname="tests.test_offer_import_export.TestOfferImportPreview" name="test_import_preview_with_invalid_file" time="0.112" /><testcase classname="tests.test_offer_import_export.TestOfferImportPreview" name="test_import_preview_parses_bulgarian_units" time="0.259" /><testcase classname="tests.test_offer_import_export.TestOfferImportConfirm" name="test_import_confirm_creates_offer" time="0.506" /><testcase classname="tests.test_offer_import_export.TestOfferImportConfirm" name="test_import_confirm_requires_project" time="0.122" /><testcase classname="tests.test_offer_import_export.TestOfferImportConfirm" name="test_import_confirm_requires_lines" time="0.144" /><testcase classname="tests.test_offer_import_export.TestOfferExportContentVerification" name="test_pdf_contains_offer_data" time="0.259" /><testcase classname="tests.test_offer_import_export.TestOfferExportContentVerification" name="test_xlsx_contains_structured_data" time="0.279" /><testcase classname="tests.test_offer_import_export.TestImportWarnings" name="test_import_preview_warns_on_missing_prices" time="0.275" /></testsuite></testsuites>