<?xml version="1.0" encoding="utf-8"?><testsuites name="pytest tests"><testsuite name="pytest" errors="0" failures="0" skipped="0" tests="15" time="110.237" timestamp="2026-03-09T13:13:07.940129+00:00" hostname="agent-env-9352da7d-3b66-4ec7-9e3e-c08500b638f0"><testcase classname="tests.test_extra_works_batch_ai.TestBatchAIProposal" name="test_batch_ai_single_line" time="10.820" /><testcase classname="tests.test_extra_works_batch_ai.TestBatchAIProposal" name="test_batch_ai_multiple_lines" time="21.084" /><testcase classname="tests.test_extra_works_batch_ai.TestBatchAIProposal" name="test_batch_ai_hourly_info_per_line" time="16.018" /><testcase classname="tests.test_extra_works_batch_ai.TestBatchAIProposal" name="test_batch_ai_small_qty_min_applied" time="9.360" /><testcase classname="tests.test_extra_works_batch_ai.TestBatchAIProposal" name="test_batch_ai_with_location_info" time="11.900" /><testcase classname="tests.test_extra_works_batch_ai.TestBatchAIProposal" name="test_batch_ai_combined_materials" time="17.801" /><testcase classname="tests.test_extra_works_batch_ai.TestBatchSave" name="test_batch_save_multiple_lines" time="0.655" /><testcase classname="tests.test_extra_works_batch_ai.TestBatchSave" name="test_batch_save_with_materials_and_related" time="0.506" /><testcase classname="tests.test_extra_works_batch_ai.TestBatchSave" name="test_batch_save_requires_project_id" time="0.443" /><testcase classname="tests.test_extra_works_batch_ai.TestBatchSave" name="test_batch_save_requires_lines" time="0.422" /><testcase classname="tests.test_extra_works_batch_ai.TestHourlyRatesConfig" name="test_get_hourly_rates" time="0.397" /><testcase classname="tests.test_extra_works_batch_ai.TestHourlyRatesConfig" name="test_hourly_rates_values" time="0.400" /><testcase classname="tests.test_extra_works_batch_ai.TestHourlyRateLogic" name="test_worker_type_assigned_by_activity" time="6.744" /><testcase classname="tests.test_extra_works_batch_ai.TestHourlyRateLogic" name="test_min_job_price_applied_for_small_qty" time="7.638" /><testcase classname="tests.test_extra_works_batch_ai.TestHourlyRateLogic" name="test_hourly_info_includes_all_required_fields" time="5.929" /></testsuite></testsuites>