<?xml version="1.0" encoding="utf-8"?><testsuites name="pytest tests"><testsuite name="pytest" errors="0" failures="0" skipped="0" tests="15" time="7.182" timestamp="2026-04-11T15:17:43.387012+00:00" hostname="agent-env-9352da7d-3b66-4ec7-9e3e-c08500b638f0"><testcase classname="tests.test_employee_dossier.TestEmployeeDossierAPI" name="test_employee_dossier_endpoint_exists" time="1.445" /><testcase classname="tests.test_employee_dossier.TestEmployeeDossierAPI" name="test_employee_dossier_returns_header" time="0.444" /><testcase classname="tests.test_employee_dossier.TestEmployeeDossierAPI" name="test_employee_dossier_returns_reports" time="0.424" /><testcase classname="tests.test_employee_dossier.TestEmployeeDossierAPI" name="test_employee_dossier_returns_payroll" time="0.383" /><testcase classname="tests.test_employee_dossier.TestEmployeeDossierAPI" name="test_employee_dossier_returns_advances" time="0.408" /><testcase classname="tests.test_employee_dossier.TestEmployeeDossierAPI" name="test_employee_dossier_returns_calendar" time="0.431" /><testcase classname="tests.test_employee_dossier.TestEmployeeDossierAPI" name="test_employee_dossier_returns_warnings" time="0.385" /><testcase classname="tests.test_employee_dossier.TestEmployeeDossierAPI" name="test_employee_dossier_returns_period" time="0.391" /><testcase classname="tests.test_employee_dossier.TestEmployeeDossierAPI" name="test_employee_dossier_with_date_range" time="0.408" /><testcase classname="tests.test_employee_dossier.TestEmployeeDossierAPI" name="test_employee_dossier_invalid_worker" time="0.387" /><testcase classname="tests.test_employee_dossier.TestEmployeeDossierAPI" name="test_employee_dossier_report_lines_have_project_links" time="0.386" /><testcase classname="tests.test_employee_dossier.TestEmployeeDossierAPI" name="test_employee_dossier_payroll_status_badges" time="0.386" /><testcase classname="tests.test_employee_dossier.TestEmployeeDossierDataIntegrity" name="test_report_hours_calculation" time="0.385" /><testcase classname="tests.test_employee_dossier.TestEmployeeDossierDataIntegrity" name="test_total_hours_sum" time="0.460" /><testcase classname="tests.test_employee_dossier.TestEmployeeDossierDataIntegrity" name="test_payroll_totals" time="0.389" /></testsuite></testsuites>