<?xml version="1.0" encoding="utf-8"?><testsuites name="pytest tests"><testsuite name="pytest" errors="0" failures="0" skipped="0" tests="12" time="6.148" timestamp="2026-03-09T12:34:50.395887+00:00" hostname="agent-env-9352da7d-3b66-4ec7-9e3e-c08500b638f0"><testcase classname="tests.test_inventory_dashboard.TestInventoryDashboard" name="test_dashboard_returns_200" time="1.512" /><testcase classname="tests.test_inventory_dashboard.TestInventoryDashboard" name="test_dashboard_contains_overview" time="0.385" /><testcase classname="tests.test_inventory_dashboard.TestInventoryDashboard" name="test_dashboard_contains_stock_with_low_stock_flag" time="0.432" /><testcase classname="tests.test_inventory_dashboard.TestInventoryDashboard" name="test_low_stock_flag_calculated_correctly" time="0.393" /><testcase classname="tests.test_inventory_dashboard.TestInventoryDashboard" name="test_dashboard_contains_top_moved_sorted" time="0.404" /><testcase classname="tests.test_inventory_dashboard.TestInventoryDashboard" name="test_dashboard_contains_project_remainders" time="0.409" /><testcase classname="tests.test_inventory_dashboard.TestInventoryThreshold" name="test_threshold_update_success" time="0.517" /><testcase classname="tests.test_inventory_dashboard.TestInventoryThreshold" name="test_threshold_update_changes_is_low_stock_flag" time="0.635" /><testcase classname="tests.test_inventory_dashboard.TestInventoryThreshold" name="test_threshold_requires_auth" time="0.169" /><testcase classname="tests.test_inventory_dashboard.TestInventoryOverview" name="test_low_stock_count_matches_stock_items" time="0.398" /><testcase classname="tests.test_inventory_dashboard.TestInventoryOverview" name="test_total_materials_matches_stock_length" time="0.399" /><testcase classname="tests.test_inventory_dashboard.TestInventoryOverview" name="test_on_projects_count_matches_remainders" time="0.423" /></testsuite></testsuites>