<?xml version="1.0" encoding="utf-8"?><testsuites name="pytest tests"><testsuite name="pytest" errors="0" failures="0" skipped="0" tests="16" time="17.316" timestamp="2026-03-10T04:51:49.842746+00:00" hostname="agent-env-9352da7d-3b66-4ec7-9e3e-c08500b638f0"><testcase classname="tests.test_novo_smr_flow.TestAIFastEndpoint" name="test_ai_fast_single_line" time="1.532" /><testcase classname="tests.test_novo_smr_flow.TestAIFastEndpoint" name="test_ai_fast_multiple_lines" time="0.117" /><testcase classname="tests.test_novo_smr_flow.TestAIFastEndpoint" name="test_ai_fast_returns_location_in_input" time="0.121" /><testcase classname="tests.test_novo_smr_flow.TestAIFastEndpoint" name="test_ai_fast_returns_hourly_info" time="0.106" /><testcase classname="tests.test_novo_smr_flow.TestAIRefineEndpoint" name="test_ai_refine_single_line" time="8.725" /><testcase classname="tests.test_novo_smr_flow.TestAIRefineEndpoint" name="test_ai_refine_returns_internal_price_hint" time="5.208" /><testcase classname="tests.test_novo_smr_flow.TestBatchSaveEndpoint" name="test_batch_save_single_draft" time="0.141" /><testcase classname="tests.test_novo_smr_flow.TestBatchSaveEndpoint" name="test_batch_save_multiple_drafts" time="0.140" /><testcase classname="tests.test_novo_smr_flow.TestBatchSaveEndpoint" name="test_batch_save_preserves_location_data" time="0.164" /><testcase classname="tests.test_novo_smr_flow.TestBatchSaveEndpoint" name="test_batch_save_requires_project_id" time="0.113" /><testcase classname="tests.test_novo_smr_flow.TestBatchSaveEndpoint" name="test_batch_save_requires_lines" time="0.116" /><testcase classname="tests.test_novo_smr_flow.TestExtraWorksListEndpoint" name="test_list_drafts_by_project" time="0.114" /><testcase classname="tests.test_novo_smr_flow.TestExtraWorksListEndpoint" name="test_list_drafts_by_status" time="0.120" /><testcase classname="tests.test_novo_smr_flow.TestExtraWorksGetEndpoint" name="test_get_existing_draft" time="0.160" /><testcase classname="tests.test_novo_smr_flow.TestExtraWorksGetEndpoint" name="test_get_nonexistent_draft_returns_404" time="0.111" /><testcase classname="tests.test_novo_smr_flow.TestProjectEndpoint" name="test_project_exists" time="0.132" /></testsuite></testsuites>