<?xml version="1.0" encoding="utf-8"?><testsuites name="pytest tests"><testsuite name="pytest" errors="0" failures="0" skipped="0" tests="25" time="13.711" timestamp="2026-03-12T04:42:47.700885+00:00" hostname="agent-env-9352da7d-3b66-4ec7-9e3e-c08500b638f0"><testcase classname="tests.test_revenue_expense.TestRevenueExpensePhase1ClientActs" name="test_create_draft_client_act_with_lines" time="1.500" /><testcase classname="tests.test_revenue_expense.TestRevenueExpensePhase1ClientActs" name="test_get_client_acts_by_project" time="0.477" /><testcase classname="tests.test_revenue_expense.TestRevenueExpensePhase1ClientActs" name="test_update_draft_act_lines_and_recalculate" time="0.547" /><testcase classname="tests.test_revenue_expense.TestRevenueExpensePhase1ClientActs" name="test_confirm_client_act_changes_status_to_accepted" time="0.535" /><testcase classname="tests.test_revenue_expense.TestRevenueExpensePhase1ClientActs" name="test_create_act_from_offer_with_percent" time="0.574" /><testcase classname="tests.test_revenue_expense.TestRevenueExpensePhase2LaborCost" name="test_get_labor_cost_by_project" time="0.504" /><testcase classname="tests.test_revenue_expense.TestRevenueExpensePhase2LaborCost" name="test_labor_cost_returns_employee_breakdown" time="0.487" /><testcase classname="tests.test_revenue_expense.TestRevenueExpensePhase2LaborCost" name="test_labor_cost_returns_activity_breakdown" time="0.479" /><testcase classname="tests.test_revenue_expense.TestRevenueExpensePhase3ExecutionPackages" name="test_get_execution_packages_by_project" time="0.487" /><testcase classname="tests.test_revenue_expense.TestRevenueExpensePhase3ExecutionPackages" name="test_update_execution_package_progress" time="0.562" /><testcase classname="tests.test_revenue_expense.TestRevenueExpensePhase3ExecutionPackages" name="test_generate_packages_from_offer" time="0.791" /><testcase classname="tests.test_revenue_expense.TestRevenueExpensePhase3ExecutionPackages" name="test_duplicate_package_generation_prevented" time="0.697" /><testcase classname="tests.test_revenue_expense.TestRevenueExpensePhase4ProjectProfit" name="test_get_project_profit_summary" time="0.441" /><testcase classname="tests.test_revenue_expense.TestRevenueExpensePhase4ProjectProfit" name="test_revenue_has_all_stages" time="0.438" /><testcase classname="tests.test_revenue_expense.TestRevenueExpensePhase4ProjectProfit" name="test_expenses_has_category_breakdown" time="0.442" /><testcase classname="tests.test_revenue_expense.TestRevenueExpensePhase4ProjectProfit" name="test_metrics_available_flags" time="0.441" /><testcase classname="tests.test_revenue_expense.TestRevenueExpensePhase4ProjectProfit" name="test_profit_uses_earned_revenue_when_available" time="0.448" /><testcase classname="tests.test_revenue_expense.TestRevenueExpensePhase4ProjectProfit" name="test_execution_packages_breakdown_in_profit" time="0.436" /><testcase classname="tests.test_revenue_expense.TestRevenueExpenseEdgeCases" name="test_get_act_not_found" time="0.445" /><testcase classname="tests.test_revenue_expense.TestRevenueExpenseEdgeCases" name="test_update_non_draft_act_fails" time="0.584" /><testcase classname="tests.test_revenue_expense.TestRevenueExpenseEdgeCases" name="test_confirm_act_without_lines_fails" time="0.566" /><testcase classname="tests.test_revenue_expense.TestRevenueExpenseEdgeCases" name="test_project_profit_not_found" time="0.436" /><testcase classname="tests.test_revenue_expense.TestRevenueExpenseEdgeCases" name="test_execution_package_not_found" time="0.427" /><testcase classname="tests.test_revenue_expense.TestRevenueExpenseEdgeCases" name="test_offer_not_found_for_act_creation" time="0.436" /><testcase classname="tests.test_revenue_expense.TestRevenueExpenseEdgeCases" name="test_offer_not_found_for_package_generation" time="0.432" /></testsuite></testsuites>