<?xml version="1.0" encoding="utf-8"?><testsuites name="pytest tests"><testsuite name="pytest" errors="0" failures="0" skipped="0" tests="10" time="3.134" timestamp="2026-04-08T05:00:02.892116+00:00" hostname="agent-env-9352da7d-3b66-4ec7-9e3e-c08500b638f0"><testcase classname="tests.test_pricing_engine" name="test_get_single_price" time="1.519" /><testcase classname="tests.test_pricing_engine" name="test_get_cached_price" time="0.230" /><testcase classname="tests.test_pricing_engine" name="test_force_refresh" time="0.143" /><testcase classname="tests.test_pricing_engine" name="test_batch_pricing" time="0.104" /><testcase classname="tests.test_pricing_engine" name="test_agent_3_knowledge" time="0.110" /><testcase classname="tests.test_pricing_engine" name="test_catalog" time="0.211" /><testcase classname="tests.test_pricing_engine" name="test_price_history" time="0.105" /><testcase classname="tests.test_pricing_engine" name="test_fetch_prices_integration" time="0.409" /><testcase classname="tests.test_pricing_engine" name="test_unknown_material" time="0.130" /><testcase classname="tests.test_pricing_engine" name="test_catalog_filter" time="0.107" /></testsuite></testsuites>