<?xml version="1.0" encoding="utf-8"?><testsuites name="pytest tests"><testsuite name="pytest" errors="0" failures="0" skipped="0" tests="10" time="83.137" timestamp="2026-03-09T15:36:12.003518+00:00" hostname="agent-env-9352da7d-3b66-4ec7-9e3e-c08500b638f0"><testcase classname="tests.test_two_stage_ai.TestTwoStageAI" name="test_ai_fast_single_line" time="1.369" /><testcase classname="tests.test_two_stage_ai.TestTwoStageAI" name="test_ai_fast_batch_multiple_lines" time="0.426" /><testcase classname="tests.test_two_stage_ai.TestTwoStageAI" name="test_ai_fast_is_instant" time="0.395" /><testcase classname="tests.test_two_stage_ai.TestTwoStageAI" name="test_ai_fast_has_hourly_info_with_worker_type" time="0.467" /><testcase classname="tests.test_two_stage_ai.TestTwoStageAI" name="test_ai_refine_single_line" time="10.164" /><testcase classname="tests.test_two_stage_ai.TestTwoStageAI" name="test_ai_refine_batch_multiple_lines" time="15.037" /><testcase classname="tests.test_two_stage_ai.TestTwoStageAI" name="test_ai_refine_is_slower_than_fast" time="9.355" /><testcase classname="tests.test_two_stage_ai.TestTwoStageAI" name="test_ai_refine_has_hourly_info_with_worker_type" time="37.496" /><testcase classname="tests.test_two_stage_ai.TestTwoStageAI" name="test_both_endpoints_return_correct_structure" time="7.897" /><testcase classname="tests.test_two_stage_ai.TestTwoStageAI" name="test_batch_with_location_info" time="0.469" /></testsuite></testsuites>