<?xml version="1.0" encoding="utf-8"?><testsuites name="pytest tests"><testsuite name="pytest" errors="0" failures="0" skipped="0" tests="10" time="7.783" timestamp="2026-03-13T15:43:15.885004+00:00" hostname="agent-env-9352da7d-3b66-4ec7-9e3e-c08500b638f0"><testcase classname="tests.test_project_smr_view.TestProjectSMRViewAPI" name="test_smr_view_endpoint_returns_200" time="1.716" /><testcase classname="tests.test_project_smr_view.TestProjectSMRViewAPI" name="test_smr_view_returns_project_info" time="0.691" /><testcase classname="tests.test_project_smr_view.TestProjectSMRViewAPI" name="test_smr_view_returns_main_offer" time="0.645" /><testcase classname="tests.test_project_smr_view.TestProjectSMRViewAPI" name="test_smr_view_returns_rows_with_modes" time="0.662" /><testcase classname="tests.test_project_smr_view.TestProjectSMRViewAPI" name="test_smr_view_mode_labels" time="0.652" /><testcase classname="tests.test_project_smr_view.TestProjectSMRViewAPI" name="test_smr_view_progress_values" time="0.624" /><testcase classname="tests.test_project_smr_view.TestProjectSMRViewAPI" name="test_smr_view_labor_columns" time="0.686" /><testcase classname="tests.test_project_smr_view.TestProjectSMRViewAPI" name="test_smr_view_summary" time="0.635" /><testcase classname="tests.test_project_smr_view.TestProjectSMRViewAPI" name="test_smr_view_flags" time="0.695" /><testcase classname="tests.test_project_smr_view.TestProjectSMRViewAPI" name="test_smr_view_invalid_project_returns_404" time="0.671" /></testsuite></testsuites>