<?xml version="1.0" encoding="utf-8"?><testsuites name="pytest tests"><testsuite name="pytest" errors="0" failures="0" skipped="0" tests="12" time="7.074" timestamp="2026-03-10T18:27:28.025510+00:00" hostname="agent-env-9352da7d-3b66-4ec7-9e3e-c08500b638f0"><testcase classname="tests.test_phase3_pricing_materials.TestPhase3PricingMaterials" name="test_ai_fast_returns_hourly_info_with_worker_type" time="1.536" /><testcase classname="tests.test_phase3_pricing_materials.TestPhase3PricingMaterials" name="test_worker_rates_match_8_categories" time="0.881" /><testcase classname="tests.test_phase3_pricing_materials.TestPhase3PricingMaterials" name="test_hourly_rates_config_endpoint" time="0.519" /><testcase classname="tests.test_phase3_pricing_materials.TestPhase3PricingMaterials" name="test_small_qty_adjustment_applied_when_below_threshold" time="0.493" /><testcase classname="tests.test_phase3_pricing_materials.TestPhase3PricingMaterials" name="test_min_job_applied_for_small_labor_total" time="0.489" /><testcase classname="tests.test_phase3_pricing_materials.TestPhase3PricingMaterials" name="test_large_qty_no_small_adjustment" time="0.418" /><testcase classname="tests.test_phase3_pricing_materials.TestPhase3PricingMaterials" name="test_materials_returned_with_category" time="0.441" /><testcase classname="tests.test_phase3_pricing_materials.TestPhase3PricingMaterials" name="test_materials_have_reason_field" time="0.414" /><testcase classname="tests.test_phase3_pricing_materials.TestPhase3PricingMaterials" name="test_materials_have_estimated_qty" time="0.404" /><testcase classname="tests.test_phase3_pricing_materials.TestPhase3PricingMaterials" name="test_materials_grouped_by_type" time="0.415" /><testcase classname="tests.test_phase3_pricing_materials.TestPhase3PricingMaterials" name="test_combined_materials_in_batch" time="0.459" /><testcase classname="tests.test_phase3_pricing_materials.TestPhase3PricingMaterials" name="test_full_ai_fast_response_structure" time="0.486" /></testsuite></testsuites>