<?xml version="1.0" encoding="utf-8"?><testsuites name="pytest tests"><testsuite name="pytest" errors="0" failures="0" skipped="0" tests="41" time="8.163" timestamp="2026-03-12T23:04:12.808781+00:00" hostname="agent-env-9352da7d-3b66-4ec7-9e3e-c08500b638f0"><testcase classname="tests.test_full_cost_flow.TestP1EmployeeFullCost" name="test_p1_01_get_employee_cost_available" time="1.596" /><testcase classname="tests.test_full_cost_flow.TestP1EmployeeFullCost" name="test_p1_02_employee_cost_with_config_applied" time="0.128" /><testcase classname="tests.test_full_cost_flow.TestP1EmployeeFullCost" name="test_p1_03_update_employee_cost_config" time="0.366" /><testcase classname="tests.test_full_cost_flow.TestP1EmployeeFullCost" name="test_p1_04_net_salary_not_modified_by_config" time="0.516" /><testcase classname="tests.test_full_cost_flow.TestP1EmployeeFullCost" name="test_p1_05_employee_cost_no_profile" time="0.137" /><testcase classname="tests.test_full_cost_flow.TestP2OverheadSnapshots" name="test_p2_01_create_overhead_snapshot" time="0.121" /><testcase classname="tests.test_full_cost_flow.TestP2OverheadSnapshots" name="test_p2_02_list_overhead_snapshots" time="0.146" /><testcase classname="tests.test_full_cost_flow.TestP2OverheadSnapshots" name="test_p2_03_list_overhead_snapshots_by_period" time="0.133" /><testcase classname="tests.test_full_cost_flow.TestP2OverheadSnapshots" name="test_p2_04_aggregate_overhead_by_period" time="0.103" /><testcase classname="tests.test_full_cost_flow.TestP2OverheadSnapshots" name="test_p2_05_aggregate_includes_legacy_overhead" time="0.123" /><testcase classname="tests.test_full_cost_flow.TestP3OverheadAllocation" name="test_p3_01_compute_overhead_allocation" time="0.114" /><testcase classname="tests.test_full_cost_flow.TestP3OverheadAllocation" name="test_p3_02_allocation_by_labor_hours_share" time="0.124" /><testcase classname="tests.test_full_cost_flow.TestP3OverheadAllocation" name="test_p3_03_allocation_distributes_to_packages" time="0.256" /><testcase classname="tests.test_full_cost_flow.TestP3OverheadAllocation" name="test_p3_04_allocation_no_overhead_data" time="0.112" /><testcase classname="tests.test_full_cost_flow.TestP4PackageNetMargin" name="test_p4_01_get_package_net_financial" time="0.113" /><testcase classname="tests.test_full_cost_flow.TestP4PackageNetMargin" name="test_p4_02_package_costs_breakdown" time="0.115" /><testcase classname="tests.test_full_cost_flow.TestP4PackageNetMargin" name="test_p4_03_package_margin_calculations" time="0.119" /><testcase classname="tests.test_full_cost_flow.TestP4PackageNetMargin" name="test_p4_04_gross_margin_excludes_overhead" time="0.116" /><testcase classname="tests.test_full_cost_flow.TestP4PackageNetMargin" name="test_p4_05_net_margin_includes_overhead" time="0.120" /><testcase classname="tests.test_full_cost_flow.TestP4PackageNetMargin" name="test_p4_06_package_not_found" time="0.115" /><testcase classname="tests.test_full_cost_flow.TestP5ProjectNetProfit" name="test_p5_01_get_project_net_profit" time="0.111" /><testcase classname="tests.test_full_cost_flow.TestP5ProjectNetProfit" name="test_p5_02_revenue_breakdown" time="0.124" /><testcase classname="tests.test_full_cost_flow.TestP5ProjectNetProfit" name="test_p5_03_revenue_basis_earned_when_available" time="0.113" /><testcase classname="tests.test_full_cost_flow.TestP5ProjectNetProfit" name="test_p5_04_costs_breakdown" time="0.112" /><testcase classname="tests.test_full_cost_flow.TestP5ProjectNetProfit" name="test_p5_05_profit_gross_and_net" time="0.154" /><testcase classname="tests.test_full_cost_flow.TestP5ProjectNetProfit" name="test_p5_06_expected_vs_actual_variance" time="0.127" /><testcase classname="tests.test_full_cost_flow.TestP5ProjectNetProfit" name="test_p5_07_project_not_found" time="0.123" /><testcase classname="tests.test_full_cost_flow.TestP6FinancialAlerts" name="test_p6_01_get_financial_alerts" time="0.130" /><testcase classname="tests.test_full_cost_flow.TestP6FinancialAlerts" name="test_p6_02_alert_structure" time="0.124" /><testcase classname="tests.test_full_cost_flow.TestP6FinancialAlerts" name="test_p6_03_severity_levels" time="0.122" /><testcase classname="tests.test_full_cost_flow.TestP6FinancialAlerts" name="test_p6_04_alert_types" time="0.106" /><testcase classname="tests.test_full_cost_flow.TestP6FinancialAlerts" name="test_p6_05_unmapped_material_warning" time="0.127" /><testcase classname="tests.test_full_cost_flow.TestP7ProjectRisk" name="test_p7_01_get_project_risk" time="0.119" /><testcase classname="tests.test_full_cost_flow.TestP7ProjectRisk" name="test_p7_02_risk_level_values" time="0.129" /><testcase classname="tests.test_full_cost_flow.TestP7ProjectRisk" name="test_p7_03_risk_flags_array" time="0.131" /><testcase classname="tests.test_full_cost_flow.TestP7ProjectRisk" name="test_p7_04_explanations_match_flags" time="0.126" /><testcase classname="tests.test_full_cost_flow.TestP7ProjectRisk" name="test_p7_05_risk_level_based_on_flags" time="0.116" /><testcase classname="tests.test_full_cost_flow.TestP7ProjectRisk" name="test_p7_06_project_not_found" time="0.111" /><testcase classname="tests.test_full_cost_flow.TestIntegration" name="test_int_01_overhead_allocation_updates_package_net_financial" time="0.272" /><testcase classname="tests.test_full_cost_flow.TestIntegration" name="test_int_02_project_profit_includes_overhead" time="0.127" /><testcase classname="tests.test_full_cost_flow.TestIntegration" name="test_int_03_full_flow_consistency" time="0.738" /></testsuite></testsuites>