<?xml version="1.0" encoding="utf-8"?><testsuites name="pytest tests"><testsuite name="pytest" errors="0" failures="0" skipped="0" tests="16" time="2.307" timestamp="2026-04-11T18:38:33.320349+00:00" hostname="agent-env-9352da7d-3b66-4ec7-9e3e-c08500b638f0"><testcase classname="tests.test_payslip_feature.TestPayslipEndpoint" name="test_payslip_endpoint_returns_200" time="1.590" /><testcase classname="tests.test_payslip_feature.TestPayslipEndpoint" name="test_payslip_contains_worker_info" time="0.064" /><testcase classname="tests.test_payslip_feature.TestPayslipEndpoint" name="test_payslip_contains_summary" time="0.061" /><testcase classname="tests.test_payslip_feature.TestPayslipEndpoint" name="test_payslip_contains_by_day" time="0.059" /><testcase classname="tests.test_payslip_feature.TestPayslipEndpoint" name="test_payslip_contains_by_project" time="0.058" /><testcase classname="tests.test_payslip_feature.TestPayslipEndpoint" name="test_payslip_contains_by_smr" time="0.052" /><testcase classname="tests.test_payslip_feature.TestPayslipEndpoint" name="test_payslip_contains_allocations" time="0.054" /><testcase classname="tests.test_payslip_feature.TestPayslipEndpoint" name="test_payslip_contains_batch_info" time="0.053" /><testcase classname="tests.test_payslip_feature.TestPayslipEndpoint" name="test_payslip_invalid_batch_returns_error" time="0.052" /><testcase classname="tests.test_payslip_feature.TestPayslipEndpoint" name="test_payslip_invalid_worker_returns_error" time="0.050" /><testcase classname="tests.test_payslip_feature.TestPayrollBatchList" name="test_payroll_batch_list_returns_200" time="0.051" /><testcase classname="tests.test_payslip_feature.TestPayrollBatchList" name="test_payroll_batch_detail_returns_200" time="0.051" /><testcase classname="tests.test_payslip_feature.TestEmployeeDossier" name="test_employee_dossier_returns_200" time="0.058" /><testcase classname="tests.test_payslip_feature.TestSidebarNavigation" name="test_i18n_payroll_legacy_key_exists" time="0.001" /><testcase classname="tests.test_payslip_feature.TestPayslipI18n" name="test_payslip_i18n_keys_exist" time="0.001" /><testcase classname="tests.test_payslip_feature.TestPayslipI18n" name="test_payroll_payslip_btn_key_exists" time="0.002" /></testsuite></testsuites>