<?xml version="1.0" encoding="utf-8"?><testsuites name="pytest tests"><testsuite name="pytest" errors="0" failures="0" skipped="0" tests="12" time="13.309" timestamp="2026-04-07T19:12:33.929463+00:00" hostname="agent-env-9352da7d-3b66-4ec7-9e3e-c08500b638f0"><testcase classname="tests.test_smr_analysis" name="test_create_analysis" time="1.748" /><testcase classname="tests.test_smr_analysis" name="test_list_analyses" time="0.285" /><testcase classname="tests.test_smr_analysis" name="test_add_line" time="0.122" /><testcase classname="tests.test_smr_analysis" name="test_update_line" time="0.257" /><testcase classname="tests.test_smr_analysis" name="test_recalculate" time="0.144" /><testcase classname="tests.test_smr_analysis" name="test_ai_suggest" time="8.374" /><testcase classname="tests.test_smr_analysis" name="test_approve" time="0.261" /><testcase classname="tests.test_smr_analysis" name="test_lock" time="0.274" /><testcase classname="tests.test_smr_analysis" name="test_locked_cannot_add_line" time="0.395" /><testcase classname="tests.test_smr_analysis" name="test_snapshot_and_compare" time="0.475" /><testcase classname="tests.test_smr_analysis" name="test_to_offer" time="0.558" /><testcase classname="tests.test_smr_analysis" name="test_delete_line" time="0.347" /></testsuite></testsuites>