<?xml version="1.0" encoding="utf-8"?><testsuites name="pytest tests"><testsuite name="pytest" errors="0" failures="0" skipped="0" tests="20" time="4.912" timestamp="2026-03-13T05:06:25.112683+00:00" hostname="agent-env-9352da7d-3b66-4ec7-9e3e-c08500b638f0"><testcase classname="tests.test_budget_progress_flow.TestBudgetProgressFlow" name="test_p1_01_list_budget_freezes" time="1.520" /><testcase classname="tests.test_budget_progress_flow.TestBudgetProgressFlow" name="test_p1_02_get_latest_budget_freeze" time="0.118" /><testcase classname="tests.test_budget_progress_flow.TestBudgetProgressFlow" name="test_p1_03_create_budget_freeze" time="0.310" /><testcase classname="tests.test_budget_progress_flow.TestBudgetProgressFlow" name="test_p1_04_freeze_version_auto_increments" time="0.254" /><testcase classname="tests.test_budget_progress_flow.TestBudgetProgressFlow" name="test_p2_01_create_progress_update" time="0.383" /><testcase classname="tests.test_budget_progress_flow.TestBudgetProgressFlow" name="test_p2_02_progress_validation_0_100" time="0.436" /><testcase classname="tests.test_budget_progress_flow.TestBudgetProgressFlow" name="test_p2_03_list_progress_updates_by_project" time="0.143" /><testcase classname="tests.test_budget_progress_flow.TestBudgetProgressFlow" name="test_p2_04_list_progress_updates_by_package" time="0.103" /><testcase classname="tests.test_budget_progress_flow.TestBudgetProgressFlow" name="test_p3_01_get_latest_progress" time="0.115" /><testcase classname="tests.test_budget_progress_flow.TestBudgetProgressFlow" name="test_p3_02_get_progress_history" time="0.103" /><testcase classname="tests.test_budget_progress_flow.TestBudgetProgressFlow" name="test_p4_01_get_progress_comparison" time="0.110" /><testcase classname="tests.test_budget_progress_flow.TestBudgetProgressFlow" name="test_p4_02_gaps_calculation" time="0.106" /><testcase classname="tests.test_budget_progress_flow.TestBudgetProgressFlow" name="test_p5_01_get_progress_warnings" time="0.110" /><testcase classname="tests.test_budget_progress_flow.TestBudgetProgressFlow" name="test_p5_02_project_risk_includes_progress_flags" time="0.110" /><testcase classname="tests.test_budget_progress_flow.TestBudgetProgressFlow" name="test_p6_01_get_project_progress_summary" time="0.110" /><testcase classname="tests.test_budget_progress_flow.TestBudgetProgressFlow" name="test_p6_02_summary_includes_budget_freeze" time="0.102" /><testcase classname="tests.test_budget_progress_flow.TestBudgetProgressFlow" name="test_p6_03_weighted_progress_calculation" time="0.125" /><testcase classname="tests.test_budget_progress_flow.TestBudgetProgressFlow" name="test_error_invalid_project_id" time="0.248" /><testcase classname="tests.test_budget_progress_flow.TestBudgetProgressFlow" name="test_error_invalid_package_id" time="0.211" /><testcase classname="tests.test_budget_progress_flow.TestBudgetProgressFlow" name="test_error_missing_package_id" time="0.105" /></testsuite></testsuites>