<?xml version="1.0" encoding="utf-8"?><testsuites name="pytest tests"><testsuite name="pytest" errors="0" failures="0" skipped="0" tests="27" time="6.378" timestamp="2026-03-12T18:59:51.053344+00:00" hostname="agent-env-9352da7d-3b66-4ec7-9e3e-c08500b638f0"><testcase classname="tests.test_labor_smr_flow.TestLaborSMRFlow" name="test_p1_01_create_labor_entry_manual" time="1.723" /><testcase classname="tests.test_labor_smr_flow.TestLaborSMRFlow" name="test_p1_02_create_labor_entry_hourly_rate_resolved" time="0.250" /><testcase classname="tests.test_labor_smr_flow.TestLaborSMRFlow" name="test_p1_03_sync_from_work_reports" time="0.119" /><testcase classname="tests.test_labor_smr_flow.TestLaborSMRFlow" name="test_p1_04_sync_requires_project_id" time="0.138" /><testcase classname="tests.test_labor_smr_flow.TestLaborSMRFlow" name="test_p1_05_list_labor_entries_filter_by_project" time="0.109" /><testcase classname="tests.test_labor_smr_flow.TestLaborSMRFlow" name="test_p1_06_list_labor_entries_filter_by_execution_package" time="0.249" /><testcase classname="tests.test_labor_smr_flow.TestLaborSMRFlow" name="test_p1_07_list_labor_entries_filter_by_employee" time="0.292" /><testcase classname="tests.test_labor_smr_flow.TestLaborSMRFlow" name="test_p2_01_recompute_labor" time="0.134" /><testcase classname="tests.test_labor_smr_flow.TestLaborSMRFlow" name="test_p2_02_verify_packages_have_labor_fields" time="0.168" /><testcase classname="tests.test_labor_smr_flow.TestLaborSMRFlow" name="test_p2_03_planned_hours_from_budget_estimate" time="0.238" /><testcase classname="tests.test_labor_smr_flow.TestLaborSMRFlow" name="test_p2_04_recompute_empty_project" time="0.158" /><testcase classname="tests.test_labor_smr_flow.TestLaborSMRFlow" name="test_p3_01_get_labor_cost_by_execution_package" time="0.270" /><testcase classname="tests.test_labor_smr_flow.TestLaborSMRFlow" name="test_p3_02_labor_cost_by_employee_breakdown" time="0.259" /><testcase classname="tests.test_labor_smr_flow.TestLaborSMRFlow" name="test_p3_03_labor_cost_by_date_breakdown" time="0.263" /><testcase classname="tests.test_labor_smr_flow.TestLaborSMRFlow" name="test_p3_04_labor_cost_not_found_package" time="0.110" /><testcase classname="tests.test_labor_smr_flow.TestLaborSMRFlow" name="test_p3_05_labor_cost_none_when_rate_unavailable" time="0.106" /><testcase classname="tests.test_labor_smr_flow.TestLaborSMRFlow" name="test_p4_01_get_labor_warnings" time="0.121" /><testcase classname="tests.test_labor_smr_flow.TestLaborSMRFlow" name="test_p4_02_warning_types" time="0.126" /><testcase classname="tests.test_labor_smr_flow.TestLaborSMRFlow" name="test_p4_03_unmapped_entries_counted" time="0.142" /><testcase classname="tests.test_labor_smr_flow.TestLaborSMRFlow" name="test_p4_04_package_summaries_in_warnings" time="0.133" /><testcase classname="tests.test_labor_smr_flow.TestLaborSMRFlow" name="test_p4_05_metrics_available_flags" time="0.136" /><testcase classname="tests.test_labor_smr_flow.TestLaborSMRFlow" name="test_p5_01_project_profit_includes_labor_detail" time="0.159" /><testcase classname="tests.test_labor_smr_flow.TestLaborSMRFlow" name="test_p5_02_labor_detail_structure" time="0.135" /><testcase classname="tests.test_labor_smr_flow.TestLaborSMRFlow" name="test_p5_03_labor_budget_from_execution_packages" time="0.226" /><testcase classname="tests.test_labor_smr_flow.TestLaborSMRFlow" name="test_p5_04_variance_calculation" time="0.146" /><testcase classname="tests.test_labor_smr_flow.TestLaborSMRFlow" name="test_p5_05_metrics_available_labor_cost" time="0.123" /><testcase classname="tests.test_labor_smr_flow.TestLaborSMRFlow" name="test_z_cleanup_test_entries" time="0.145" /></testsuite></testsuites>