<?xml version="1.0" encoding="utf-8"?><testsuites name="pytest tests"><testsuite name="pytest" errors="0" failures="0" skipped="0" tests="15" time="2.713" timestamp="2026-04-11T14:37:46.760815+00:00" hostname="agent-env-9352da7d-3b66-4ec7-9e3e-c08500b638f0"><testcase classname="tests.test_payroll_payment_allocations.TestPayrollBatchPayCreatesAllocations" name="test_pay_endpoint_returns_allocation_info" time="1.532" /><testcase classname="tests.test_payroll_payment_allocations.TestPayrollBatchPayCreatesAllocations" name="test_pay_creates_allocations_with_traceability" time="0.048" /><testcase classname="tests.test_payroll_payment_allocations.TestGetBatchAllocations" name="test_get_allocations_returns_200" time="0.049" /><testcase classname="tests.test_payroll_payment_allocations.TestGetBatchAllocations" name="test_allocations_response_structure" time="0.110" /><testcase classname="tests.test_payroll_payment_allocations.TestGetBatchAllocations" name="test_allocations_grouped_by_project" time="0.108" /><testcase classname="tests.test_payroll_payment_allocations.TestGetBatchAllocations" name="test_allocations_only_gross_labor_no_deductions" time="0.107" /><testcase classname="tests.test_payroll_payment_allocations.TestGetBatchAllocations" name="test_allocation_uses_value_basis" time="0.102" /><testcase classname="tests.test_payroll_payment_allocations.TestGetProjectPaidLabor" name="test_paid_labor_returns_200" time="0.052" /><testcase classname="tests.test_payroll_payment_allocations.TestGetProjectPaidLabor" name="test_paid_labor_response_structure" time="0.054" /><testcase classname="tests.test_payroll_payment_allocations.TestGetProjectPaidLabor" name="test_paid_labor_by_worker_structure" time="0.053" /><testcase classname="tests.test_payroll_payment_allocations.TestGetProjectPaidLabor" name="test_paid_labor_by_week_structure" time="0.051" /><testcase classname="tests.test_payroll_payment_allocations.TestGetProjectPaidLabor" name="test_known_project_has_expected_paid_labor" time="0.051" /><testcase classname="tests.test_payroll_payment_allocations.TestBatchStatusAfterPay" name="test_batch_status_is_paid" time="0.099" /><testcase classname="tests.test_payroll_payment_allocations.TestAllocationsRequireAuth" name="test_get_allocations_requires_auth" time="0.116" /><testcase classname="tests.test_payroll_payment_allocations.TestAllocationsRequireAuth" name="test_get_paid_labor_requires_auth" time="0.115" /></testsuite></testsuites>