<?xml version="1.0" encoding="utf-8"?><testsuites name="pytest tests"><testsuite name="pytest" errors="0" failures="0" skipped="0" tests="11" time="29.418" timestamp="2026-03-09T22:09:20.232953+00:00" hostname="agent-env-9352da7d-3b66-4ec7-9e3e-c08500b638f0"><testcase classname="tests.test_ai_offer_module.TestAiFastEndpoint" name="test_ai_fast_single_line" time="1.412" /><testcase classname="tests.test_ai_offer_module.TestAiFastEndpoint" name="test_ai_fast_multi_line" time="0.131" /><testcase classname="tests.test_ai_offer_module.TestAiFastEndpoint" name="test_ai_fast_returns_hourly_info" time="0.114" /><testcase classname="tests.test_ai_offer_module.TestAiFastEndpoint" name="test_ai_fast_small_qty_triggers_min" time="0.123" /><testcase classname="tests.test_ai_offer_module.TestAiRefineEndpoint" name="test_ai_refine_single_line" time="8.700" /><testcase classname="tests.test_ai_offer_module.TestAiRefineEndpoint" name="test_ai_refine_returns_hourly_info" time="9.842" /><testcase classname="tests.test_ai_offer_module.TestInternalPriceHint" name="test_ai_refine_includes_internal_price_hint" time="7.580" /><testcase classname="tests.test_ai_offer_module.TestActivityTypeSubtype" name="test_ai_fast_recognizes_types" time="0.724" /><testcase classname="tests.test_ai_offer_module.TestPricingFields" name="test_pricing_structure" time="0.118" /><testcase classname="tests.test_ai_offer_module.TestCombinedMaterials" name="test_combined_materials_structure" time="0.131" /><testcase classname="tests.test_ai_offer_module.TestWorkerTypeMapping" name="test_worker_types_mapped_correctly" time="0.496" /></testsuite></testsuites>