<?xml version="1.0" encoding="utf-8"?><testsuites name="pytest tests"><testsuite name="pytest" errors="0" failures="0" skipped="0" tests="6" time="6.780" timestamp="2026-03-09T05:11:33.764791+00:00" hostname="agent-env-9352da7d-3b66-4ec7-9e3e-c08500b638f0"><testcase classname="tests.test_ai_calibration_notifications.TestCalibrationNotificationCreation" name="test_notification_created_at_threshold" time="2.459" /><testcase classname="tests.test_ai_calibration_notifications.TestAntiDuplicateLogic" name="test_no_duplicate_notification" time="0.774" /><testcase classname="tests.test_ai_calibration_notifications.TestNotificationResolvedOnApprove" name="test_notification_resolved_on_approve" time="0.609" /><testcase classname="tests.test_ai_calibration_notifications.TestNotificationAfterResolveCanBeCreatedAgain" name="test_new_notification_after_revoke" time="1.767" /><testcase classname="tests.test_ai_calibration_notifications.TestNotificationProperties" name="test_notification_type_and_content" time="1.078" /><testcase classname="tests.test_ai_calibration_notifications.TestNotificationOnlyForAdminOwner" name="test_notification_sent_to_admin" time="0.053" /></testsuite></testsuites>