<?xml version="1.0" encoding="utf-8"?><testsuites name="pytest tests"><testsuite name="pytest" errors="0" failures="0" skipped="0" tests="11" time="7.651" timestamp="2026-02-21T17:25:13.050126+00:00" hostname="agent-env-86c9525f-4a28-4304-940a-c680622865cf"><testcase classname="tests.test_dashboard_finance.TestDashboardActivity" name="test_activity_list_format" time="1.447" /><testcase classname="tests.test_dashboard_finance.TestDashboardActivity" name="test_activity_pagination" time="0.582" /><testcase classname="tests.test_dashboard_finance.TestFinanceSeries" name="test_finance_series_format" time="0.481" /><testcase classname="tests.test_dashboard_finance.TestFinanceSeries" name="test_finance_series_different_periods" time="0.784" /><testcase classname="tests.test_dashboard_finance.TestFinanceDetailsSummary" name="test_summary_format" time="0.447" /><testcase classname="tests.test_dashboard_finance.TestFinanceDetailsSummary" name="test_summary_presets" time="1.089" /><testcase classname="tests.test_dashboard_finance.TestFinanceDetailsByCounterparty" name="test_by_counterparty_format" time="0.438" /><testcase classname="tests.test_dashboard_finance.TestFinanceDetailsByProject" name="test_by_project_format" time="0.453" /><testcase classname="tests.test_dashboard_finance.TestFinanceDetailsTransactions" name="test_transactions_format" time="0.485" /><testcase classname="tests.test_dashboard_finance.TestFinanceDetailsTransactions" name="test_transactions_filter_by_type" time="0.944" /><testcase classname="tests.test_dashboard_finance.TestTopCounterparties" name="test_top_counterparties_format" time="0.455" /></testsuite></testsuites>