<?xml version="1.0" encoding="utf-8"?><testsuites name="pytest tests"><testsuite name="pytest" errors="0" failures="0" skipped="0" tests="12" time="4.568" timestamp="2026-04-08T05:30:20.690706+00:00" hostname="agent-env-9352da7d-3b66-4ec7-9e3e-c08500b638f0"><testcase classname="tests.test_work_sessions" name="test_start_session" time="1.486" /><testcase classname="tests.test_work_sessions" name="test_end_session" time="0.112" /><testcase classname="tests.test_work_sessions" name="test_auto_close_on_new_start" time="0.413" /><testcase classname="tests.test_work_sessions" name="test_hourly_rate_snapshot" time="0.236" /><testcase classname="tests.test_work_sessions" name="test_my_today" time="0.107" /><testcase classname="tests.test_work_sessions" name="test_summary" time="0.100" /><testcase classname="tests.test_work_sessions" name="test_active_sessions" time="0.329" /><testcase classname="tests.test_work_sessions" name="test_split_session" time="0.823" /><testcase classname="tests.test_work_sessions" name="test_overtime_report" time="0.119" /><testcase classname="tests.test_work_sessions" name="test_update_session" time="0.327" /><testcase classname="tests.test_work_sessions" name="test_end_no_open" time="0.351" /><testcase classname="tests.test_work_sessions" name="test_list_sessions" time="0.097" /></testsuite></testsuites>