<?xml version="1.0" encoding="utf-8"?><testsuites name="pytest tests"><testsuite name="pytest" errors="0" failures="0" skipped="0" tests="17" time="195.343" timestamp="2026-03-08T18:22:12.491518+00:00" hostname="agent-env-9352da7d-3b66-4ec7-9e3e-c08500b638f0"><testcase classname="tests.test_invoice_payments.TestInvoiceNumbering" name="test_get_invoice_settings" time="1.412" /><testcase classname="tests.test_invoice_payments.TestInvoiceNumbering" name="test_get_next_invoice_number" time="0.449" /><testcase classname="tests.test_invoice_payments.TestInvoiceNumbering" name="test_update_invoice_settings" time="0.558" /><testcase classname="tests.test_invoice_payments.TestInvoiceNumbering" name="test_auto_number_on_create" time="0.555" /><testcase classname="tests.test_invoice_payments.TestInvoiceStatusTransitions" name="test_draft_to_sent" time="0.646" /><testcase classname="tests.test_invoice_payments.TestInvoiceStatusTransitions" name="test_sent_to_partiallypaid_to_paid" time="0.831" /><testcase classname="tests.test_invoice_payments.TestInvoiceStatusTransitions" name="test_cancel_sent_invoice" time="0.690" /><testcase classname="tests.test_invoice_payments.TestDirectInvoicePayments" name="test_add_payment_to_sent_invoice" time="0.695" /><testcase classname="tests.test_invoice_payments.TestDirectInvoicePayments" name="test_cannot_pay_draft_invoice" time="0.603" /><testcase classname="tests.test_invoice_payments.TestDirectInvoicePayments" name="test_cannot_pay_cancelled_invoice" time="0.800" /><testcase classname="tests.test_invoice_payments.TestDirectInvoicePayments" name="test_overpayment_prevented" time="0.692" /><testcase classname="tests.test_invoice_payments.TestDirectInvoicePayments" name="test_payment_requires_positive_amount" time="0.739" /><testcase classname="tests.test_invoice_payments.TestDirectInvoicePayments" name="test_payment_requires_account" time="0.693" /><testcase classname="tests.test_invoice_payments.TestPaymentHistory" name="test_list_invoice_payments" time="0.928" /><testcase classname="tests.test_invoice_payments.TestPaymentRemoval" name="test_remove_payment_recalculates_status" time="0.890" /><testcase classname="tests.test_invoice_payments.TestPaymentRemoval" name="test_cannot_remove_from_cancelled_invoice" time="0.000" /><testcase classname="tests.test_invoice_payments.TestCleanup" name="test_cleanup_test_data" time="184.113" /></testsuite></testsuites>