<?xml version="1.0" encoding="utf-8"?><testsuites name="pytest tests"><testsuite name="pytest" errors="0" failures="0" skipped="0" tests="15" time="25.539" timestamp="2026-03-09T19:28:45.066317+00:00" hostname="agent-env-9352da7d-3b66-4ec7-9e3e-c08500b638f0"><testcase classname="tests.test_historical_offers.TestHistoricalAnalytics" name="test_analytics_returns_data_structure" time="1.541" /><testcase classname="tests.test_historical_offers.TestHistoricalAnalytics" name="test_analytics_categories_have_median_prices" time="0.121" /><testcase classname="tests.test_historical_offers.TestHistoricalAnalytics" name="test_analytics_filter_by_city" time="0.116" /><testcase classname="tests.test_historical_offers.TestHistoricalAnalytics" name="test_analytics_filter_by_activity_type" time="0.114" /><testcase classname="tests.test_historical_offers.TestHistoricalAnalytics" name="test_analytics_batches_have_metadata" time="0.153" /><testcase classname="tests.test_historical_offers.TestInternalPriceHint" name="test_ai_proposal_includes_internal_price_hint" time="9.161" /><testcase classname="tests.test_historical_offers.TestInternalPriceHint" name="test_ai_proposal_hint_not_available_for_unknown_category" time="5.375" /><testcase classname="tests.test_historical_offers.TestInternalPriceHint" name="test_ai_proposal_hint_for_облицовка" time="7.336" /><testcase classname="tests.test_historical_offers.TestNormalizationLogic" name="test_normalization_keywords_mapping" time="0.506" /><testcase classname="tests.test_historical_offers.TestNormalizationLogic" name="test_section_headers_skipped" time="0.124" /><testcase classname="tests.test_historical_offers.TestImportPreview" name="test_import_preview_parses_xlsx" time="0.125" /><testcase classname="tests.test_historical_offers.TestImportPreview" name="test_import_preview_normalizes_units" time="0.128" /><testcase classname="tests.test_historical_offers.TestImportPreview" name="test_import_preview_rejects_non_xlsx" time="0.128" /><testcase classname="tests.test_historical_offers.TestImportConfirm" name="test_import_confirm_saves_rows_with_metadata" time="0.410" /><testcase classname="tests.test_historical_offers.TestImportConfirm" name="test_import_confirm_requires_admin" time="0.130" /></testsuite></testsuites>