<?xml version="1.0" encoding="utf-8"?><testsuites name="pytest tests"><testsuite name="pytest" errors="0" failures="1" skipped="0" tests="18" time="10.126" timestamp="2026-02-21T15:25:56.364781+00:00" hostname="agent-env-b449447e-9853-49e5-b7f5-1823f68902d3"><testcase classname="tests.test_data_module.TestItemsCRUD" name="test_list_items_format" time="1.387" /><testcase classname="tests.test_data_module.TestItemsCRUD" name="test_create_item" time="0.454" /><testcase classname="tests.test_data_module.TestItemsCRUD" name="test_create_duplicate_sku_fails" time="0.598" /><testcase classname="tests.test_data_module.TestItemsCRUD" name="test_get_and_update_item" time="0.693" /><testcase classname="tests.test_data_module.TestItemsCRUD" name="test_delete_item_soft" time="0.695" /><testcase classname="tests.test_data_module.TestItemsCRUD" name="test_get_item_categories" time="0.485" /><testcase classname="tests.test_data_module.TestItemsFiltering" name="test_pagination" time="0.432" /><testcase classname="tests.test_data_module.TestItemsFiltering" name="test_sorting" time="0.429" /><testcase classname="tests.test_data_module.TestItemsFiltering" name="test_search" time="0.554" /><testcase classname="tests.test_data_module.TestItemsFiltering" name="test_filter_by_category" time="0.582" /><testcase classname="tests.test_data_module.TestCounterpartiesCRUD" name="test_list_counterparties_format" time="0.450" /><testcase classname="tests.test_data_module.TestCounterpartiesCRUD" name="test_create_counterparty" time="0.442"><failure message="assert 520 == 201&#10; +  where 520 = &lt;Response [520]&gt;.status_code">tests/test_data_module.py:310: in test_create_counterparty
    assert response.status_code == 201
E   assert 520 == 201
E    +  where 520 = &lt;Response [520]&gt;.status_code</failure></testcase><testcase classname="tests.test_data_module.TestCounterpartiesCRUD" name="test_get_counterparty_types" time="0.454" /><testcase classname="tests.test_data_module.TestWarehousesCRUD" name="test_list_warehouses_format" time="0.440" /><testcase classname="tests.test_data_module.TestPricesEndpoint" name="test_prices_format" time="0.436" /><testcase classname="tests.test_data_module.TestPricesEndpoint" name="test_prices_pagination" time="0.457" /><testcase classname="tests.test_data_module.TestTurnoverReport" name="test_turnover_format" time="0.459" /><testcase classname="tests.test_data_module.TestTurnoverReport" name="test_turnover_type_filter" time="0.566" /></testsuite></testsuites>