<?xml version="1.0" encoding="utf-8"?><testsuites name="pytest tests"><testsuite name="pytest" errors="0" failures="0" skipped="0" tests="17" time="8.242" timestamp="2026-04-11T12:45:31.140354+00:00" hostname="agent-env-9352da7d-3b66-4ec7-9e3e-c08500b638f0"><testcase classname="tests.test_all_reports.TestAllReportsAPI" name="test_all_reports_returns_200" time="1.564" /><testcase classname="tests.test_all_reports.TestAllReportsAPI" name="test_all_reports_response_structure" time="0.381" /><testcase classname="tests.test_all_reports.TestAllReportsAPI" name="test_summary_has_required_fields" time="0.423" /><testcase classname="tests.test_all_reports.TestAllReportsAPI" name="test_report_item_structure" time="0.430" /><testcase classname="tests.test_all_reports.TestAllReportsAPI" name="test_date_filter" time="0.476" /><testcase classname="tests.test_all_reports.TestAllReportsAPI" name="test_status_filter" time="0.415" /><testcase classname="tests.test_all_reports.TestAllReportsAPI" name="test_smr_filter" time="0.409" /><testcase classname="tests.test_all_reports.TestAllReportsAPI" name="test_only_overtime_filter" time="0.381" /><testcase classname="tests.test_all_reports.TestAllReportsAPI" name="test_sort_by_date" time="0.394" /><testcase classname="tests.test_all_reports.TestAllReportsAPI" name="test_sort_by_worker" time="0.409" /><testcase classname="tests.test_all_reports.TestAllReportsAPI" name="test_sort_by_hours" time="0.381" /><testcase classname="tests.test_all_reports.TestAllReportsAPI" name="test_sort_by_value" time="0.387" /><testcase classname="tests.test_all_reports.TestAllReportsAPI" name="test_sort_by_status" time="0.427" /><testcase classname="tests.test_all_reports.TestAllReportsAPI" name="test_pagination" time="0.380" /><testcase classname="tests.test_all_reports.TestAllReportsAPI" name="test_unauthenticated_request_rejected" time="0.439" /><testcase classname="tests.test_all_reports.TestAllReportsAPI" name="test_summary_math_consistency" time="0.387" /><testcase classname="tests.test_all_reports.TestAllReportsAPI" name="test_status_breakdown_counts" time="0.378" /></testsuite></testsuites>